2023-08-29 11:33:50,871 INFO o.a.j.u.JMeterUtils: Setting Locale to en_EN
2023-08-29 11:33:50,903 INFO o.a.j.JMeter: Loading user properties from: /home/dthibau/.sdkman/candidates/jmeter/5.6/bin/user.properties
2023-08-29 11:33:50,904 INFO o.a.j.JMeter: Loading system properties from: /home/dthibau/.sdkman/candidates/jmeter/5.6/bin/system.properties
2023-08-29 11:33:50,915 INFO o.a.j.JMeter: Copyright (c) 1998-2023 The Apache Software Foundation
2023-08-29 11:33:50,915 INFO o.a.j.JMeter: Version 5.6
2023-08-29 11:33:50,915 INFO o.a.j.JMeter: java.version=14.0.2
2023-08-29 11:33:50,915 INFO o.a.j.JMeter: java.vm.name=Java HotSpot(TM) 64-Bit Server VM
2023-08-29 11:33:50,915 INFO o.a.j.JMeter: os.name=Linux
2023-08-29 11:33:50,915 INFO o.a.j.JMeter: os.arch=amd64
2023-08-29 11:33:50,915 INFO o.a.j.JMeter: os.version=6.2.0-26-generic
2023-08-29 11:33:50,916 INFO o.a.j.JMeter: file.encoding=UTF-8
2023-08-29 11:33:50,916 INFO o.a.j.JMeter: java.awt.headless=null
2023-08-29 11:33:50,916 INFO o.a.j.JMeter: Max memory     =1073741824
2023-08-29 11:33:50,916 INFO o.a.j.JMeter: Available Processors =8
2023-08-29 11:33:50,931 INFO o.a.j.JMeter: Default Locale=English (EN)
2023-08-29 11:33:50,932 INFO o.a.j.JMeter: JMeter  Locale=English (EN)
2023-08-29 11:33:50,932 INFO o.a.j.JMeter: JMeterHome=/home/dthibau/.sdkman/candidates/jmeter/5.6
2023-08-29 11:33:50,932 INFO o.a.j.JMeter: user.dir  =/home/dthibau/Formations/SpringKafka/github/slides/TPS/4_Messaging
2023-08-29 11:33:50,932 INFO o.a.j.JMeter: PWD       =/home/dthibau/Formations/SpringKafka/github/slides/TPS/4_Messaging
2023-08-29 11:33:50,932 INFO o.a.j.JMeter: IP: 127.0.1.1 Name: dthibau-XPS-13-7390 FullName: dthibau-XPS-13-7390
2023-08-29 11:33:50,952 INFO o.a.j.JMeter: Loaded icon properties from org/apache/jmeter/images/icon.properties
2023-08-29 11:33:51,641 INFO o.a.j.JMeterGuiLauncher: Setting LAF to: com.github.weisj.darklaf.DarkLaf:com.github.weisj.darklaf.theme.DarculaTheme
2023-08-29 11:34:24,316 INFO o.a.j.s.FileServer: Default base='/home/dthibau/Formations/SpringKafka/github/slides/TPS/4_Messaging'
2023-08-29 11:34:24,324 INFO o.a.j.g.a.Load: Loading file: /home/dthibau/Formations/SpringKafka/github/slides/TPS/4_Messaging/CreateOrder.jmx
2023-08-29 11:34:24,325 INFO o.a.j.s.FileServer: Set new base='/home/dthibau/Formations/SpringKafka/github/slides/TPS/4_Messaging'
2023-08-29 11:34:24,545 INFO o.a.j.s.SaveService: Testplan (JMX) version: 2.2. Testlog (JTL) version: 2.2
2023-08-29 11:34:24,553 INFO o.a.j.s.SaveService: Using SaveService properties version 5.0
2023-08-29 11:34:24,555 INFO o.a.j.s.SaveService: Using SaveService properties file encoding UTF-8
2023-08-29 11:34:24,557 INFO o.a.j.s.SaveService: Loading file: /home/dthibau/Formations/SpringKafka/github/slides/TPS/4_Messaging/CreateOrder.jmx
2023-08-29 11:34:24,586 INFO o.a.j.p.h.s.HTTPSamplerBase: Parser for text/html is org.apache.jmeter.protocol.http.parser.LagartoBasedHtmlParser
2023-08-29 11:34:24,587 INFO o.a.j.p.h.s.HTTPSamplerBase: Parser for application/xhtml+xml is org.apache.jmeter.protocol.http.parser.LagartoBasedHtmlParser
2023-08-29 11:34:24,587 INFO o.a.j.p.h.s.HTTPSamplerBase: Parser for application/xml is org.apache.jmeter.protocol.http.parser.LagartoBasedHtmlParser
2023-08-29 11:34:24,587 INFO o.a.j.p.h.s.HTTPSamplerBase: Parser for text/xml is org.apache.jmeter.protocol.http.parser.LagartoBasedHtmlParser
2023-08-29 11:34:24,587 INFO o.a.j.p.h.s.HTTPSamplerBase: Parser for text/vnd.wap.wml is org.apache.jmeter.protocol.http.parser.RegexpHTMLParser
2023-08-29 11:34:24,587 INFO o.a.j.p.h.s.HTTPSamplerBase: Parser for text/css is org.apache.jmeter.protocol.http.parser.CssParser
2023-08-29 11:34:24,840 INFO o.a.j.s.SampleResult: Note: Sample TimeStamps are START times
2023-08-29 11:34:24,840 INFO o.a.j.s.SampleResult: sampleresult.default.encoding is set to ISO-8859-1
2023-08-29 11:34:24,840 INFO o.a.j.s.SampleResult: sampleresult.useNanoTime=true
2023-08-29 11:34:24,840 INFO o.a.j.s.SampleResult: sampleresult.nanoThreadSleep=5000
2023-08-29 11:34:25,007 ERROR o.a.j.v.ViewResultsFullVisualizer: Exception registering implementation: [org.apache.jmeter.visualizers.RenderInBrowser] of interface: [interface org.apache.jmeter.visualizers.ResultRenderer], a jar is probably missing
java.util.ServiceConfigurationError: org.apache.jmeter.visualizers.ResultRenderer: org.apache.jmeter.visualizers.RenderInBrowser Unable to get public no-arg constructor
	at java.util.ServiceLoader.fail(ServiceLoader.java:584) ~[?:?]
	at java.util.ServiceLoader.getConstructor(ServiceLoader.java:675) ~[?:?]
	at java.util.ServiceLoader$LazyClassPathLookupIterator.hasNextService(ServiceLoader.java:1234) ~[?:?]
	at java.util.ServiceLoader$LazyClassPathLookupIterator.hasNext(ServiceLoader.java:1266) ~[?:?]
	at java.util.ServiceLoader$2.hasNext(ServiceLoader.java:1301) ~[?:?]
	at java.util.ServiceLoader$3.hasNext(ServiceLoader.java:1386) ~[?:?]
	at org.apache.jorphan.reflect.ClassFinder.loadServices(ClassFinder.java:115) ~[jorphan.jar:5.6]
	at org.apache.jmeter.util.JMeterUtils.loadServicesAndScanJars(JMeterUtils.java:345) ~[ApacheJMeter_core.jar:5.6]
	at org.apache.jmeter.visualizers.ViewResultsFullVisualizer.createComboRender(ViewResultsFullVisualizer.java:464) ~[ApacheJMeter_components.jar:5.6]
	at org.apache.jmeter.visualizers.ViewResultsFullVisualizer.createLeftPanel(ViewResultsFullVisualizer.java:438) ~[ApacheJMeter_components.jar:5.6]
	at org.apache.jmeter.visualizers.ViewResultsFullVisualizer.init(ViewResultsFullVisualizer.java:349) ~[ApacheJMeter_components.jar:5.6]
	at org.apache.jmeter.visualizers.ViewResultsFullVisualizer.<init>(ViewResultsFullVisualizer.java:156) ~[ApacheJMeter_components.jar:5.6]
	at jdk.internal.reflect.NativeConstructorAccessorImpl.newInstance0(Native Method) ~[?:?]
	at jdk.internal.reflect.NativeConstructorAccessorImpl.newInstance(NativeConstructorAccessorImpl.java:62) ~[?:?]
	at jdk.internal.reflect.DelegatingConstructorAccessorImpl.newInstance(DelegatingConstructorAccessorImpl.java:45) ~[?:?]
	at java.lang.reflect.Constructor.newInstanceWithCaller(Constructor.java:500) ~[?:?]
	at java.lang.reflect.Constructor.newInstance(Constructor.java:481) ~[?:?]
	at org.apache.jmeter.gui.GuiPackage.getGuiFromCache(GuiPackage.java:424) ~[ApacheJMeter_core.jar:5.6]
	at org.apache.jmeter.gui.GuiPackage.getGui(GuiPackage.java:267) ~[ApacheJMeter_core.jar:5.6]
	at org.apache.jmeter.gui.GuiPackage.getGui(GuiPackage.java:238) ~[ApacheJMeter_core.jar:5.6]
	at org.apache.jmeter.gui.tree.JMeterTreeModel.addComponent(JMeterTreeModel.java:160) ~[ApacheJMeter_core.jar:5.6]
	at org.apache.jmeter.gui.tree.JMeterTreeModel.addSubTree(JMeterTreeModel.java:131) ~[ApacheJMeter_core.jar:5.6]
	at org.apache.jmeter.gui.tree.JMeterTreeModel.addSubTree(JMeterTreeModel.java:131) ~[ApacheJMeter_core.jar:5.6]
	at org.apache.jmeter.gui.tree.JMeterTreeModel.addSubTree(JMeterTreeModel.java:123) ~[ApacheJMeter_core.jar:5.6]
	at org.apache.jmeter.gui.GuiPackage.addSubTree(GuiPackage.java:555) ~[ApacheJMeter_core.jar:5.6]
	at org.apache.jmeter.gui.action.Load.insertLoadedTree(Load.java:201) ~[ApacheJMeter_core.jar:5.6]
	at org.apache.jmeter.gui.action.Load.loadProjectFile(Load.java:132) ~[ApacheJMeter_core.jar:5.6]
	at org.apache.jmeter.gui.action.Load.loadProjectFile(Load.java:103) ~[ApacheJMeter_core.jar:5.6]
	at org.apache.jmeter.gui.action.Load.doActionAfterCheck(Load.java:90) ~[ApacheJMeter_core.jar:5.6]
	at org.apache.jmeter.gui.action.AbstractActionWithNoRunningTest.doAction(AbstractActionWithNoRunningTest.java:44) ~[ApacheJMeter_core.jar:5.6]
	at org.apache.jmeter.gui.action.ActionRouter.performAction(ActionRouter.java:83) ~[ApacheJMeter_core.jar:5.6]
	at org.apache.jmeter.gui.action.ActionRouter.lambda$actionPerformed$0(ActionRouter.java:65) ~[ApacheJMeter_core.jar:5.6]
	at java.awt.event.InvocationEvent.dispatch(InvocationEvent.java:316) ~[?:?]
	at java.awt.EventQueue.dispatchEventImpl(EventQueue.java:770) ~[?:?]
	at java.awt.EventQueue$4.run(EventQueue.java:721) ~[?:?]
	at java.awt.EventQueue$4.run(EventQueue.java:715) ~[?:?]
	at java.security.AccessController.doPrivileged(AccessController.java:391) [?:?]
	at java.security.ProtectionDomain$JavaSecurityAccessImpl.doIntersectionPrivilege(ProtectionDomain.java:85) [?:?]
	at java.awt.EventQueue.dispatchEvent(EventQueue.java:740) [?:?]
	at java.awt.EventDispatchThread.pumpOneEventForFilters(EventDispatchThread.java:203) [?:?]
	at java.awt.EventDispatchThread.pumpEventsForFilter(EventDispatchThread.java:124) [?:?]
	at java.awt.EventDispatchThread.pumpEventsForHierarchy(EventDispatchThread.java:113) [?:?]
	at java.awt.EventDispatchThread.pumpEvents(EventDispatchThread.java:109) [?:?]
	at java.awt.EventDispatchThread.pumpEvents(EventDispatchThread.java:101) [?:?]
	at java.awt.EventDispatchThread.run(EventDispatchThread.java:90) [?:?]
Caused by: java.lang.NoClassDefFoundError: javafx/embed/swing/JFXPanel
	at java.lang.Class.getDeclaredConstructors0(Native Method) ~[?:?]
	at java.lang.Class.privateGetDeclaredConstructors(Class.java:3215) ~[?:?]
	at java.lang.Class.getConstructor0(Class.java:3420) ~[?:?]
	at java.lang.Class.getConstructor(Class.java:2165) ~[?:?]
	at java.util.ServiceLoader$1.run(ServiceLoader.java:662) ~[?:?]
	at java.util.ServiceLoader$1.run(ServiceLoader.java:659) ~[?:?]
	at java.security.AccessController.doPrivileged(AccessController.java:554) [?:?]
	at java.util.ServiceLoader.getConstructor(ServiceLoader.java:670) ~[?:?]
	... 43 more
Caused by: java.lang.ClassNotFoundException: javafx.embed.swing.JFXPanel
	at java.net.URLClassLoader.findClass(URLClassLoader.java:435) ~[?:?]
	at java.lang.ClassLoader.loadClass(ClassLoader.java:589) ~[?:?]
	at java.lang.ClassLoader.loadClass(ClassLoader.java:522) ~[?:?]
	at java.lang.Class.getDeclaredConstructors0(Native Method) ~[?:?]
	at java.lang.Class.privateGetDeclaredConstructors(Class.java:3215) ~[?:?]
	at java.lang.Class.getConstructor0(Class.java:3420) ~[?:?]
	at java.lang.Class.getConstructor(Class.java:2165) ~[?:?]
	at java.util.ServiceLoader$1.run(ServiceLoader.java:662) ~[?:?]
	at java.util.ServiceLoader$1.run(ServiceLoader.java:659) ~[?:?]
	at java.security.AccessController.doPrivileged(AccessController.java:554) ~[?:?]
	at java.util.ServiceLoader.getConstructor(ServiceLoader.java:670) ~[?:?]
	... 43 more
2023-08-29 11:34:25,109 INFO o.a.j.s.FileServer: Set new base='/home/dthibau/Formations/SpringKafka/github/slides/TPS/4_Messaging'
2023-08-29 11:35:00,234 INFO o.a.j.e.StandardJMeterEngine: Running the test!
2023-08-29 11:35:00,237 INFO o.a.j.s.SampleEvent: List of sample_variables: []
2023-08-29 11:35:00,237 INFO o.a.j.s.SampleEvent: List of sample_variables: []
2023-08-29 11:35:00,241 INFO o.a.j.e.u.CompoundVariable: Note: Function class names must contain the string: '.functions.'
2023-08-29 11:35:00,241 INFO o.a.j.e.u.CompoundVariable: Note: Function class names must not contain the string: '.gui.'
2023-08-29 11:35:00,571 INFO o.a.j.g.u.JMeterMenuBar: setRunning(true, *local*)
2023-08-29 11:35:00,586 INFO o.a.j.e.StandardJMeterEngine: Starting ThreadGroup: 1 : Groupe d'unités
2023-08-29 11:35:00,586 INFO o.a.j.e.StandardJMeterEngine: Starting 50 threads for group Groupe d'unités.
2023-08-29 11:35:00,586 INFO o.a.j.e.StandardJMeterEngine: Thread will continue on error
2023-08-29 11:35:00,587 INFO o.a.j.t.ThreadGroup: Starting thread group... number=1 threads=50 ramp-up=1 delayedStart=false
2023-08-29 11:35:00,593 INFO o.a.j.t.JMeterThread: Thread started: Groupe d'unités 1-1
2023-08-29 11:35:00,610 INFO o.a.j.t.JMeterThread: Thread started: Groupe d'unités 1-2
2023-08-29 11:35:00,623 INFO o.a.j.t.ThreadGroup: Started thread group number 1
2023-08-29 11:35:00,624 INFO o.a.j.e.StandardJMeterEngine: All thread groups have been started
2023-08-29 11:35:00,629 INFO o.a.j.t.JMeterThread: Thread started: Groupe d'unités 1-3
2023-08-29 11:35:00,649 INFO o.a.j.t.JMeterThread: Thread started: Groupe d'unités 1-4
2023-08-29 11:35:00,670 INFO o.a.j.t.JMeterThread: Thread started: Groupe d'unités 1-5
2023-08-29 11:35:00,689 INFO o.a.j.t.JMeterThread: Thread started: Groupe d'unités 1-6
2023-08-29 11:35:00,710 INFO o.a.j.t.JMeterThread: Thread started: Groupe d'unités 1-7
2023-08-29 11:35:00,729 INFO o.a.j.t.JMeterThread: Thread started: Groupe d'unités 1-8
2023-08-29 11:35:00,750 INFO o.a.j.t.JMeterThread: Thread started: Groupe d'unités 1-9
2023-08-29 11:35:00,768 INFO o.a.j.t.JMeterThread: Thread started: Groupe d'unités 1-10
2023-08-29 11:35:00,790 INFO o.a.j.t.JMeterThread: Thread started: Groupe d'unités 1-11
2023-08-29 11:35:00,808 INFO o.a.j.t.JMeterThread: Thread started: Groupe d'unités 1-12
2023-08-29 11:35:00,828 INFO o.a.j.t.JMeterThread: Thread started: Groupe d'unités 1-13
2023-08-29 11:35:00,848 INFO o.a.j.t.JMeterThread: Thread started: Groupe d'unités 1-14
2023-08-29 11:35:00,868 INFO o.a.j.t.JMeterThread: Thread started: Groupe d'unités 1-15
2023-08-29 11:35:00,888 INFO o.a.j.t.JMeterThread: Thread started: Groupe d'unités 1-16
2023-08-29 11:35:00,908 INFO o.a.j.t.JMeterThread: Thread started: Groupe d'unités 1-17
2023-08-29 11:35:00,928 INFO o.a.j.t.JMeterThread: Thread started: Groupe d'unités 1-18
2023-08-29 11:35:00,948 INFO o.a.j.t.JMeterThread: Thread started: Groupe d'unités 1-19
2023-08-29 11:35:00,968 INFO o.a.j.t.JMeterThread: Thread started: Groupe d'unités 1-20
2023-08-29 11:35:00,988 INFO o.a.j.t.JMeterThread: Thread started: Groupe d'unités 1-21
2023-08-29 11:35:01,008 INFO o.a.j.t.JMeterThread: Thread started: Groupe d'unités 1-22
2023-08-29 11:35:01,032 INFO o.a.j.t.JMeterThread: Thread started: Groupe d'unités 1-23
2023-08-29 11:35:01,048 INFO o.a.j.t.JMeterThread: Thread started: Groupe d'unités 1-24
2023-08-29 11:35:01,068 INFO o.a.j.t.JMeterThread: Thread started: Groupe d'unités 1-25
2023-08-29 11:35:01,088 INFO o.a.j.t.JMeterThread: Thread started: Groupe d'unités 1-26
2023-08-29 11:35:01,108 INFO o.a.j.t.JMeterThread: Thread started: Groupe d'unités 1-27
2023-08-29 11:35:01,128 INFO o.a.j.t.JMeterThread: Thread started: Groupe d'unités 1-28
2023-08-29 11:35:01,147 INFO o.a.j.t.JMeterThread: Thread started: Groupe d'unités 1-29
2023-08-29 11:35:01,168 INFO o.a.j.t.JMeterThread: Thread started: Groupe d'unités 1-30
2023-08-29 11:35:01,188 INFO o.a.j.t.JMeterThread: Thread started: Groupe d'unités 1-31
2023-08-29 11:35:01,208 INFO o.a.j.t.JMeterThread: Thread started: Groupe d'unités 1-32
2023-08-29 11:35:01,228 INFO o.a.j.t.JMeterThread: Thread started: Groupe d'unités 1-33
2023-08-29 11:35:01,248 INFO o.a.j.t.JMeterThread: Thread started: Groupe d'unités 1-34
2023-08-29 11:35:01,268 INFO o.a.j.t.JMeterThread: Thread started: Groupe d'unités 1-35
2023-08-29 11:35:01,287 INFO o.a.j.t.JMeterThread: Thread started: Groupe d'unités 1-36
2023-08-29 11:35:01,308 INFO o.a.j.t.JMeterThread: Thread started: Groupe d'unités 1-37
2023-08-29 11:35:01,329 INFO o.a.j.t.JMeterThread: Thread started: Groupe d'unités 1-38
2023-08-29 11:35:01,349 INFO o.a.j.t.JMeterThread: Thread started: Groupe d'unités 1-39
2023-08-29 11:35:01,368 INFO o.a.j.t.JMeterThread: Thread started: Groupe d'unités 1-40
2023-08-29 11:35:01,387 INFO o.a.j.t.JMeterThread: Thread started: Groupe d'unités 1-41
2023-08-29 11:35:01,408 INFO o.a.j.t.JMeterThread: Thread started: Groupe d'unités 1-42
2023-08-29 11:35:01,428 INFO o.a.j.t.JMeterThread: Thread started: Groupe d'unités 1-43
2023-08-29 11:35:01,447 INFO o.a.j.t.JMeterThread: Thread started: Groupe d'unités 1-44
2023-08-29 11:35:01,468 INFO o.a.j.t.JMeterThread: Thread started: Groupe d'unités 1-45
2023-08-29 11:35:01,488 INFO o.a.j.t.JMeterThread: Thread started: Groupe d'unités 1-46
2023-08-29 11:35:01,507 INFO o.a.j.t.JMeterThread: Thread started: Groupe d'unités 1-47
2023-08-29 11:35:01,528 INFO o.a.j.t.JMeterThread: Thread started: Groupe d'unités 1-48
2023-08-29 11:35:01,548 INFO o.a.j.t.JMeterThread: Thread started: Groupe d'unités 1-49
2023-08-29 11:35:01,568 INFO o.a.j.t.JMeterThread: Thread started: Groupe d'unités 1-50
2023-08-29 11:35:05,579 INFO o.a.j.p.h.s.HTTPHCAbstractImpl: Local host = dthibau-XPS-13-7390
2023-08-29 11:35:05,602 INFO o.a.j.p.h.s.HTTPHC4Impl: HTTP request retry count = 0
2023-08-29 11:35:50,104 INFO o.a.j.t.JMeterThread: Thread is done: Groupe d'unités 1-4
2023-08-29 11:35:50,104 INFO o.a.j.t.JMeterThread: Thread finished: Groupe d'unités 1-4
2023-08-29 11:35:50,580 INFO o.a.j.t.JMeterThread: Thread is done: Groupe d'unités 1-6
2023-08-29 11:35:50,580 INFO o.a.j.t.JMeterThread: Thread finished: Groupe d'unités 1-6
2023-08-29 11:35:50,590 INFO o.a.j.t.JMeterThread: Thread is done: Groupe d'unités 1-19
2023-08-29 11:35:50,590 INFO o.a.j.t.JMeterThread: Thread finished: Groupe d'unités 1-19
2023-08-29 11:35:50,596 INFO o.a.j.t.JMeterThread: Thread is done: Groupe d'unités 1-24
2023-08-29 11:35:50,597 INFO o.a.j.t.JMeterThread: Thread finished: Groupe d'unités 1-24
2023-08-29 11:35:50,621 INFO o.a.j.t.JMeterThread: Thread is done: Groupe d'unités 1-9
2023-08-29 11:35:50,621 INFO o.a.j.t.JMeterThread: Thread finished: Groupe d'unités 1-9
2023-08-29 11:35:50,705 INFO o.a.j.t.JMeterThread: Thread is done: Groupe d'unités 1-3
2023-08-29 11:35:50,705 INFO o.a.j.t.JMeterThread: Thread finished: Groupe d'unités 1-3
2023-08-29 11:35:50,706 INFO o.a.j.t.JMeterThread: Thread is done: Groupe d'unités 1-22
2023-08-29 11:35:50,706 INFO o.a.j.t.JMeterThread: Thread finished: Groupe d'unités 1-22
2023-08-29 11:35:50,736 INFO o.a.j.t.JMeterThread: Thread is done: Groupe d'unités 1-10
2023-08-29 11:35:50,736 INFO o.a.j.t.JMeterThread: Thread finished: Groupe d'unités 1-10
2023-08-29 11:35:50,846 INFO o.a.j.t.JMeterThread: Thread is done: Groupe d'unités 1-11
2023-08-29 11:35:50,846 INFO o.a.j.t.JMeterThread: Thread finished: Groupe d'unités 1-11
2023-08-29 11:35:50,866 INFO o.a.j.t.JMeterThread: Thread is done: Groupe d'unités 1-8
2023-08-29 11:35:50,867 INFO o.a.j.t.JMeterThread: Thread finished: Groupe d'unités 1-8
2023-08-29 11:35:50,935 INFO o.a.j.t.JMeterThread: Thread is done: Groupe d'unités 1-28
2023-08-29 11:35:50,936 INFO o.a.j.t.JMeterThread: Thread finished: Groupe d'unités 1-28
2023-08-29 11:35:50,957 INFO o.a.j.t.JMeterThread: Thread is done: Groupe d'unités 1-7
2023-08-29 11:35:50,958 INFO o.a.j.t.JMeterThread: Thread finished: Groupe d'unités 1-7
2023-08-29 11:35:50,979 INFO o.a.j.t.JMeterThread: Thread is done: Groupe d'unités 1-21
2023-08-29 11:35:50,979 INFO o.a.j.t.JMeterThread: Thread finished: Groupe d'unités 1-21
2023-08-29 11:35:50,995 INFO o.a.j.t.JMeterThread: Thread is done: Groupe d'unités 1-15
2023-08-29 11:35:50,995 INFO o.a.j.t.JMeterThread: Thread finished: Groupe d'unités 1-15
2023-08-29 11:35:50,997 INFO o.a.j.t.JMeterThread: Thread is done: Groupe d'unités 1-27
2023-08-29 11:35:50,997 INFO o.a.j.t.JMeterThread: Thread finished: Groupe d'unités 1-27
2023-08-29 11:35:51,028 INFO o.a.j.t.JMeterThread: Thread is done: Groupe d'unités 1-2
2023-08-29 11:35:51,029 INFO o.a.j.t.JMeterThread: Thread finished: Groupe d'unités 1-2
2023-08-29 11:35:51,032 INFO o.a.j.t.JMeterThread: Thread is done: Groupe d'unités 1-29
2023-08-29 11:35:51,033 INFO o.a.j.t.JMeterThread: Thread finished: Groupe d'unités 1-29
2023-08-29 11:35:51,042 INFO o.a.j.t.JMeterThread: Thread is done: Groupe d'unités 1-14
2023-08-29 11:35:51,043 INFO o.a.j.t.JMeterThread: Thread finished: Groupe d'unités 1-14
2023-08-29 11:35:51,097 INFO o.a.j.t.JMeterThread: Thread is done: Groupe d'unités 1-16
2023-08-29 11:35:51,097 INFO o.a.j.t.JMeterThread: Thread finished: Groupe d'unités 1-16
2023-08-29 11:35:51,184 INFO o.a.j.t.JMeterThread: Thread is done: Groupe d'unités 1-25
2023-08-29 11:35:51,184 INFO o.a.j.t.JMeterThread: Thread finished: Groupe d'unités 1-25
2023-08-29 11:35:51,230 INFO o.a.j.t.JMeterThread: Thread is done: Groupe d'unités 1-23
2023-08-29 11:35:51,230 INFO o.a.j.t.JMeterThread: Thread finished: Groupe d'unités 1-23
2023-08-29 11:35:51,329 INFO o.a.j.t.JMeterThread: Thread is done: Groupe d'unités 1-18
2023-08-29 11:35:51,329 INFO o.a.j.t.JMeterThread: Thread finished: Groupe d'unités 1-18
2023-08-29 11:35:51,361 INFO o.a.j.t.JMeterThread: Thread is done: Groupe d'unités 1-36
2023-08-29 11:35:51,361 INFO o.a.j.t.JMeterThread: Thread finished: Groupe d'unités 1-36
2023-08-29 11:35:51,374 INFO o.a.j.t.JMeterThread: Thread is done: Groupe d'unités 1-33
2023-08-29 11:35:51,374 INFO o.a.j.t.JMeterThread: Thread finished: Groupe d'unités 1-33
2023-08-29 11:35:51,392 INFO o.a.j.t.JMeterThread: Thread is done: Groupe d'unités 1-45
2023-08-29 11:35:51,392 INFO o.a.j.t.JMeterThread: Thread finished: Groupe d'unités 1-45
2023-08-29 11:35:51,396 INFO o.a.j.t.JMeterThread: Thread is done: Groupe d'unités 1-39
2023-08-29 11:35:51,397 INFO o.a.j.t.JMeterThread: Thread finished: Groupe d'unités 1-39
2023-08-29 11:35:51,429 INFO o.a.j.t.JMeterThread: Thread is done: Groupe d'unités 1-37
2023-08-29 11:35:51,429 INFO o.a.j.t.JMeterThread: Thread finished: Groupe d'unités 1-37
2023-08-29 11:35:51,475 INFO o.a.j.t.JMeterThread: Thread is done: Groupe d'unités 1-13
2023-08-29 11:35:51,475 INFO o.a.j.t.JMeterThread: Thread finished: Groupe d'unités 1-13
2023-08-29 11:35:51,495 INFO o.a.j.t.JMeterThread: Thread is done: Groupe d'unités 1-50
2023-08-29 11:35:51,495 INFO o.a.j.t.JMeterThread: Thread is done: Groupe d'unités 1-26
2023-08-29 11:35:51,495 INFO o.a.j.t.JMeterThread: Thread finished: Groupe d'unités 1-50
2023-08-29 11:35:51,495 INFO o.a.j.t.JMeterThread: Thread finished: Groupe d'unités 1-26
2023-08-29 11:35:51,560 INFO o.a.j.t.JMeterThread: Thread is done: Groupe d'unités 1-20
2023-08-29 11:35:51,561 INFO o.a.j.t.JMeterThread: Thread finished: Groupe d'unités 1-20
2023-08-29 11:35:51,562 INFO o.a.j.t.JMeterThread: Thread is done: Groupe d'unités 1-34
2023-08-29 11:35:51,562 INFO o.a.j.t.JMeterThread: Thread is done: Groupe d'unités 1-40
2023-08-29 11:35:51,563 INFO o.a.j.t.JMeterThread: Thread finished: Groupe d'unités 1-34
2023-08-29 11:35:51,563 INFO o.a.j.t.JMeterThread: Thread finished: Groupe d'unités 1-40
2023-08-29 11:35:51,566 INFO o.a.j.t.JMeterThread: Thread is done: Groupe d'unités 1-32
2023-08-29 11:35:51,566 INFO o.a.j.t.JMeterThread: Thread finished: Groupe d'unités 1-32
2023-08-29 11:35:51,575 INFO o.a.j.t.JMeterThread: Thread is done: Groupe d'unités 1-48
2023-08-29 11:35:51,576 INFO o.a.j.t.JMeterThread: Thread finished: Groupe d'unités 1-48
2023-08-29 11:35:51,664 INFO o.a.j.t.JMeterThread: Thread is done: Groupe d'unités 1-12
2023-08-29 11:35:51,664 INFO o.a.j.t.JMeterThread: Thread finished: Groupe d'unités 1-12
2023-08-29 11:35:51,677 INFO o.a.j.t.JMeterThread: Thread is done: Groupe d'unités 1-5
2023-08-29 11:35:51,677 INFO o.a.j.t.JMeterThread: Thread finished: Groupe d'unités 1-5
2023-08-29 11:35:51,735 INFO o.a.j.t.JMeterThread: Thread is done: Groupe d'unités 1-1
2023-08-29 11:35:51,735 INFO o.a.j.t.JMeterThread: Thread finished: Groupe d'unités 1-1
2023-08-29 11:35:51,743 INFO o.a.j.t.JMeterThread: Thread is done: Groupe d'unités 1-44
2023-08-29 11:35:51,744 INFO o.a.j.t.JMeterThread: Thread finished: Groupe d'unités 1-44
2023-08-29 11:35:51,746 INFO o.a.j.t.JMeterThread: Thread is done: Groupe d'unités 1-17
2023-08-29 11:35:51,747 INFO o.a.j.t.JMeterThread: Thread finished: Groupe d'unités 1-17
2023-08-29 11:35:51,751 INFO o.a.j.t.JMeterThread: Thread is done: Groupe d'unités 1-49
2023-08-29 11:35:51,752 INFO o.a.j.t.JMeterThread: Thread finished: Groupe d'unités 1-49
2023-08-29 11:35:51,783 INFO o.a.j.t.JMeterThread: Thread is done: Groupe d'unités 1-31
2023-08-29 11:35:51,783 INFO o.a.j.t.JMeterThread: Thread is done: Groupe d'unités 1-38
2023-08-29 11:35:51,783 INFO o.a.j.t.JMeterThread: Thread finished: Groupe d'unités 1-31
2023-08-29 11:35:51,783 INFO o.a.j.t.JMeterThread: Thread finished: Groupe d'unités 1-38
2023-08-29 11:35:51,783 INFO o.a.j.t.JMeterThread: Thread is done: Groupe d'unités 1-47
2023-08-29 11:35:51,784 INFO o.a.j.t.JMeterThread: Thread finished: Groupe d'unités 1-47
2023-08-29 11:35:51,785 INFO o.a.j.t.JMeterThread: Thread is done: Groupe d'unités 1-46
2023-08-29 11:35:51,785 INFO o.a.j.t.JMeterThread: Thread finished: Groupe d'unités 1-46
2023-08-29 11:35:51,803 INFO o.a.j.t.JMeterThread: Thread is done: Groupe d'unités 1-41
2023-08-29 11:35:51,803 INFO o.a.j.t.JMeterThread: Thread finished: Groupe d'unités 1-41
2023-08-29 11:35:51,953 INFO o.a.j.t.JMeterThread: Thread is done: Groupe d'unités 1-35
2023-08-29 11:35:51,953 INFO o.a.j.t.JMeterThread: Thread finished: Groupe d'unités 1-35
2023-08-29 11:35:51,976 INFO o.a.j.t.JMeterThread: Thread is done: Groupe d'unités 1-42
2023-08-29 11:35:51,976 INFO o.a.j.t.JMeterThread: Thread finished: Groupe d'unités 1-42
2023-08-29 11:35:52,047 INFO o.a.j.t.JMeterThread: Thread is done: Groupe d'unités 1-30
2023-08-29 11:35:52,047 INFO o.a.j.t.JMeterThread: Thread finished: Groupe d'unités 1-30
2023-08-29 11:35:52,414 INFO o.a.j.t.JMeterThread: Thread is done: Groupe d'unités 1-43
2023-08-29 11:35:52,414 INFO o.a.j.t.JMeterThread: Thread finished: Groupe d'unités 1-43
2023-08-29 11:35:52,416 INFO o.a.j.e.StandardJMeterEngine: Notifying test listeners of end of test
2023-08-29 11:35:52,417 INFO o.a.j.g.u.JMeterMenuBar: setRunning(false, *local*)
2023-08-29 12:20:35,798 INFO o.a.j.e.StandardJMeterEngine: Running the test!
2023-08-29 12:20:35,799 INFO o.a.j.s.SampleEvent: List of sample_variables: []
2023-08-29 12:20:35,802 INFO o.a.j.g.u.JMeterMenuBar: setRunning(true, *local*)
2023-08-29 12:20:35,914 INFO o.a.j.e.StandardJMeterEngine: Starting ThreadGroup: 1 : Groupe d'unités
2023-08-29 12:20:35,915 INFO o.a.j.e.StandardJMeterEngine: Starting 50 threads for group Groupe d'unités.
2023-08-29 12:20:35,915 INFO o.a.j.e.StandardJMeterEngine: Thread will continue on error
2023-08-29 12:20:35,916 INFO o.a.j.t.ThreadGroup: Starting thread group... number=1 threads=50 ramp-up=1 delayedStart=false
2023-08-29 12:20:35,919 INFO o.a.j.t.JMeterThread: Thread started: Groupe d'unités 1-1
2023-08-29 12:20:35,938 INFO o.a.j.t.JMeterThread: Thread started: Groupe d'unités 1-2
2023-08-29 12:20:35,958 INFO o.a.j.t.JMeterThread: Thread started: Groupe d'unités 1-3
2023-08-29 12:20:35,972 INFO o.a.j.t.ThreadGroup: Started thread group number 1
2023-08-29 12:20:35,972 INFO o.a.j.e.StandardJMeterEngine: All thread groups have been started
2023-08-29 12:20:35,978 INFO o.a.j.t.JMeterThread: Thread started: Groupe d'unités 1-4
2023-08-29 12:20:35,998 INFO o.a.j.t.JMeterThread: Thread started: Groupe d'unités 1-5
2023-08-29 12:20:36,018 INFO o.a.j.t.JMeterThread: Thread started: Groupe d'unités 1-6
2023-08-29 12:20:36,038 INFO o.a.j.t.JMeterThread: Thread started: Groupe d'unités 1-7
2023-08-29 12:20:36,059 INFO o.a.j.t.JMeterThread: Thread started: Groupe d'unités 1-8
2023-08-29 12:20:36,078 INFO o.a.j.t.JMeterThread: Thread started: Groupe d'unités 1-9
2023-08-29 12:20:36,099 INFO o.a.j.t.JMeterThread: Thread started: Groupe d'unités 1-10
2023-08-29 12:20:36,118 INFO o.a.j.t.JMeterThread: Thread started: Groupe d'unités 1-11
2023-08-29 12:20:36,138 INFO o.a.j.t.JMeterThread: Thread started: Groupe d'unités 1-12
2023-08-29 12:20:36,158 INFO o.a.j.t.JMeterThread: Thread started: Groupe d'unités 1-13
2023-08-29 12:20:36,178 INFO o.a.j.t.JMeterThread: Thread started: Groupe d'unités 1-14
2023-08-29 12:20:36,198 INFO o.a.j.t.JMeterThread: Thread started: Groupe d'unités 1-15
2023-08-29 12:20:36,218 INFO o.a.j.t.JMeterThread: Thread started: Groupe d'unités 1-16
2023-08-29 12:20:36,238 INFO o.a.j.t.JMeterThread: Thread started: Groupe d'unités 1-17
2023-08-29 12:20:36,258 INFO o.a.j.t.JMeterThread: Thread started: Groupe d'unités 1-18
2023-08-29 12:20:36,278 INFO o.a.j.t.JMeterThread: Thread started: Groupe d'unités 1-19
2023-08-29 12:20:36,298 INFO o.a.j.t.JMeterThread: Thread started: Groupe d'unités 1-20
2023-08-29 12:20:36,318 INFO o.a.j.t.JMeterThread: Thread started: Groupe d'unités 1-21
2023-08-29 12:20:36,338 INFO o.a.j.t.JMeterThread: Thread started: Groupe d'unités 1-22
2023-08-29 12:20:36,358 INFO o.a.j.t.JMeterThread: Thread started: Groupe d'unités 1-23
2023-08-29 12:20:36,378 INFO o.a.j.t.JMeterThread: Thread started: Groupe d'unités 1-24
2023-08-29 12:20:36,398 INFO o.a.j.t.JMeterThread: Thread started: Groupe d'unités 1-25
2023-08-29 12:20:36,418 INFO o.a.j.t.JMeterThread: Thread started: Groupe d'unités 1-26
2023-08-29 12:20:36,438 INFO o.a.j.t.JMeterThread: Thread started: Groupe d'unités 1-27
2023-08-29 12:20:36,459 INFO o.a.j.t.JMeterThread: Thread started: Groupe d'unités 1-28
2023-08-29 12:20:36,479 INFO o.a.j.t.JMeterThread: Thread started: Groupe d'unités 1-29
2023-08-29 12:20:36,497 INFO o.a.j.t.JMeterThread: Thread started: Groupe d'unités 1-30
2023-08-29 12:20:36,517 INFO o.a.j.t.JMeterThread: Thread started: Groupe d'unités 1-31
2023-08-29 12:20:36,537 INFO o.a.j.t.JMeterThread: Thread started: Groupe d'unités 1-32
2023-08-29 12:20:36,557 INFO o.a.j.t.JMeterThread: Thread started: Groupe d'unités 1-33
2023-08-29 12:20:36,577 INFO o.a.j.t.JMeterThread: Thread started: Groupe d'unités 1-34
2023-08-29 12:20:36,597 INFO o.a.j.t.JMeterThread: Thread started: Groupe d'unités 1-35
2023-08-29 12:20:36,618 INFO o.a.j.t.JMeterThread: Thread started: Groupe d'unités 1-36
2023-08-29 12:20:36,638 INFO o.a.j.t.JMeterThread: Thread started: Groupe d'unités 1-37
2023-08-29 12:20:36,658 INFO o.a.j.t.JMeterThread: Thread started: Groupe d'unités 1-38
2023-08-29 12:20:36,678 INFO o.a.j.t.JMeterThread: Thread started: Groupe d'unités 1-39
2023-08-29 12:20:36,698 INFO o.a.j.t.JMeterThread: Thread started: Groupe d'unités 1-40
2023-08-29 12:20:36,718 INFO o.a.j.t.JMeterThread: Thread started: Groupe d'unités 1-41
2023-08-29 12:20:36,738 INFO o.a.j.t.JMeterThread: Thread started: Groupe d'unités 1-42
2023-08-29 12:20:36,758 INFO o.a.j.t.JMeterThread: Thread started: Groupe d'unités 1-43
2023-08-29 12:20:36,778 INFO o.a.j.t.JMeterThread: Thread started: Groupe d'unités 1-44
2023-08-29 12:20:36,798 INFO o.a.j.t.JMeterThread: Thread started: Groupe d'unités 1-45
2023-08-29 12:20:36,818 INFO o.a.j.t.JMeterThread: Thread started: Groupe d'unités 1-46
2023-08-29 12:20:36,838 INFO o.a.j.t.JMeterThread: Thread started: Groupe d'unités 1-47
2023-08-29 12:20:36,857 INFO o.a.j.t.JMeterThread: Thread started: Groupe d'unités 1-48
2023-08-29 12:20:36,877 INFO o.a.j.t.JMeterThread: Thread started: Groupe d'unités 1-49
2023-08-29 12:20:36,897 INFO o.a.j.t.JMeterThread: Thread started: Groupe d'unités 1-50
2023-08-29 14:26:31,217 INFO o.a.j.g.a.Start: Stopping test
2023-08-29 14:26:31,228 INFO o.a.j.t.JMeterThread: Stopping: Groupe d'unités 1-39
2023-08-29 14:26:31,228 INFO o.a.j.t.JMeterThread: Stopping: Groupe d'unités 1-3
2023-08-29 14:26:31,229 INFO o.a.j.t.JMeterThread: Stopping: Groupe d'unités 1-11
2023-08-29 14:26:31,229 WARN o.a.j.t.JMeterThread: The delay timer was interrupted - probably did not wait as long as intended.
2023-08-29 14:26:31,229 INFO o.a.j.t.JMeterThread: Stopping: Groupe d'unités 1-29
2023-08-29 14:26:31,229 WARN o.a.j.t.JMeterThread: The delay timer was interrupted - probably did not wait as long as intended.
2023-08-29 14:26:31,229 WARN o.a.j.t.JMeterThread: The delay timer was interrupted - probably did not wait as long as intended.
2023-08-29 14:26:31,229 WARN o.a.j.t.JMeterThread: The delay timer was interrupted - probably did not wait as long as intended.
2023-08-29 14:26:31,229 INFO o.a.j.t.JMeterThread: Thread finished: Groupe d'unités 1-11
2023-08-29 14:26:31,229 INFO o.a.j.t.JMeterThread: Thread finished: Groupe d'unités 1-3
2023-08-29 14:26:31,229 INFO o.a.j.t.JMeterThread: Thread finished: Groupe d'unités 1-39
2023-08-29 14:26:31,229 INFO o.a.j.t.JMeterThread: Thread finished: Groupe d'unités 1-29
2023-08-29 14:26:31,229 INFO o.a.j.t.JMeterThread: Stopping: Groupe d'unités 1-9
2023-08-29 14:26:31,229 INFO o.a.j.t.JMeterThread: Stopping: Groupe d'unités 1-47
2023-08-29 14:26:31,229 INFO o.a.j.t.JMeterThread: Stopping: Groupe d'unités 1-19
2023-08-29 14:26:31,229 INFO o.a.j.t.JMeterThread: Stopping: Groupe d'unités 1-22
2023-08-29 14:26:31,229 WARN o.a.j.t.JMeterThread: The delay timer was interrupted - probably did not wait as long as intended.
2023-08-29 14:26:31,229 WARN o.a.j.t.JMeterThread: The delay timer was interrupted - probably did not wait as long as intended.
2023-08-29 14:26:31,229 INFO o.a.j.t.JMeterThread: Stopping: Groupe d'unités 1-15
2023-08-29 14:26:31,229 WARN o.a.j.t.JMeterThread: The delay timer was interrupted - probably did not wait as long as intended.
2023-08-29 14:26:31,230 INFO o.a.j.t.JMeterThread: Stopping: Groupe d'unités 1-6
2023-08-29 14:26:31,230 WARN o.a.j.t.JMeterThread: The delay timer was interrupted - probably did not wait as long as intended.
2023-08-29 14:26:31,230 INFO o.a.j.t.JMeterThread: Thread finished: Groupe d'unités 1-19
2023-08-29 14:26:31,230 WARN o.a.j.t.JMeterThread: The delay timer was interrupted - probably did not wait as long as intended.
2023-08-29 14:26:31,230 INFO o.a.j.t.JMeterThread: Thread finished: Groupe d'unités 1-9
2023-08-29 14:26:31,230 INFO o.a.j.t.JMeterThread: Thread finished: Groupe d'unités 1-22
2023-08-29 14:26:31,230 INFO o.a.j.t.JMeterThread: Thread finished: Groupe d'unités 1-15
2023-08-29 14:26:31,230 WARN o.a.j.t.JMeterThread: The delay timer was interrupted - probably did not wait as long as intended.
2023-08-29 14:26:31,230 INFO o.a.j.t.JMeterThread: Stopping: Groupe d'unités 1-10
2023-08-29 14:26:31,230 INFO o.a.j.t.JMeterThread: Thread finished: Groupe d'unités 1-47
2023-08-29 14:26:31,230 INFO o.a.j.t.JMeterThread: Stopping: Groupe d'unités 1-48
2023-08-29 14:26:31,230 INFO o.a.j.t.JMeterThread: Thread finished: Groupe d'unités 1-6
2023-08-29 14:26:31,230 INFO o.a.j.t.JMeterThread: Stopping: Groupe d'unités 1-25
2023-08-29 14:26:31,230 INFO o.a.j.t.JMeterThread: Stopping: Groupe d'unités 1-50
2023-08-29 14:26:31,230 WARN o.a.j.t.JMeterThread: The delay timer was interrupted - probably did not wait as long as intended.
2023-08-29 14:26:31,230 INFO o.a.j.t.JMeterThread: Stopping: Groupe d'unités 1-17
2023-08-29 14:26:31,230 WARN o.a.j.t.JMeterThread: The delay timer was interrupted - probably did not wait as long as intended.
2023-08-29 14:26:31,230 INFO o.a.j.t.JMeterThread: Stopping: Groupe d'unités 1-36
2023-08-29 14:26:31,231 INFO o.a.j.t.JMeterThread: Thread finished: Groupe d'unités 1-48
2023-08-29 14:26:31,231 WARN o.a.j.t.JMeterThread: The delay timer was interrupted - probably did not wait as long as intended.
2023-08-29 14:26:31,230 WARN o.a.j.t.JMeterThread: The delay timer was interrupted - probably did not wait as long as intended.
2023-08-29 14:26:31,231 WARN o.a.j.t.JMeterThread: The delay timer was interrupted - probably did not wait as long as intended.
2023-08-29 14:26:31,231 WARN o.a.j.t.JMeterThread: The delay timer was interrupted - probably did not wait as long as intended.
2023-08-29 14:26:31,231 INFO o.a.j.t.JMeterThread: Thread finished: Groupe d'unités 1-25
2023-08-29 14:26:31,231 INFO o.a.j.t.JMeterThread: Thread finished: Groupe d'unités 1-10
2023-08-29 14:26:31,231 INFO o.a.j.t.JMeterThread: Stopping: Groupe d'unités 1-5
2023-08-29 14:26:31,231 INFO o.a.j.t.JMeterThread: Thread finished: Groupe d'unités 1-50
2023-08-29 14:26:31,231 INFO o.a.j.t.JMeterThread: Stopping: Groupe d'unités 1-31
2023-08-29 14:26:31,231 INFO o.a.j.t.JMeterThread: Thread finished: Groupe d'unités 1-17
2023-08-29 14:26:31,231 INFO o.a.j.t.JMeterThread: Stopping: Groupe d'unités 1-23
2023-08-29 14:26:31,231 WARN o.a.j.t.JMeterThread: The delay timer was interrupted - probably did not wait as long as intended.
2023-08-29 14:26:31,232 INFO o.a.j.t.JMeterThread: Stopping: Groupe d'unités 1-34
2023-08-29 14:26:31,232 WARN o.a.j.t.JMeterThread: The delay timer was interrupted - probably did not wait as long as intended.
2023-08-29 14:26:31,232 WARN o.a.j.t.JMeterThread: The delay timer was interrupted - probably did not wait as long as intended.
2023-08-29 14:26:31,232 INFO o.a.j.t.JMeterThread: Thread finished: Groupe d'unités 1-34
2023-08-29 14:26:31,232 INFO o.a.j.t.JMeterThread: Thread finished: Groupe d'unités 1-5
2023-08-29 14:26:31,232 INFO o.a.j.t.JMeterThread: Thread finished: Groupe d'unités 1-23
2023-08-29 14:26:31,233 WARN o.a.j.t.JMeterThread: The delay timer was interrupted - probably did not wait as long as intended.
2023-08-29 14:26:31,233 INFO o.a.j.t.JMeterThread: Thread finished: Groupe d'unités 1-36
2023-08-29 14:26:31,233 INFO o.a.j.t.JMeterThread: Thread finished: Groupe d'unités 1-31
2023-08-29 14:26:31,233 INFO o.a.j.t.JMeterThread: Stopping: Groupe d'unités 1-2
2023-08-29 14:26:31,234 WARN o.a.j.t.JMeterThread: The delay timer was interrupted - probably did not wait as long as intended.
2023-08-29 14:26:31,234 INFO o.a.j.t.JMeterThread: Thread finished: Groupe d'unités 1-2
2023-08-29 14:26:31,234 INFO o.a.j.t.JMeterThread: Stopping: Groupe d'unités 1-8
2023-08-29 14:26:31,234 INFO o.a.j.t.JMeterThread: Stopping: Groupe d'unités 1-35
2023-08-29 14:26:31,235 INFO o.a.j.t.JMeterThread: Stopping: Groupe d'unités 1-12
2023-08-29 14:26:31,235 INFO o.a.j.t.JMeterThread: Stopping: Groupe d'unités 1-38
2023-08-29 14:26:31,235 WARN o.a.j.t.JMeterThread: The delay timer was interrupted - probably did not wait as long as intended.
2023-08-29 14:26:31,235 WARN o.a.j.t.JMeterThread: The delay timer was interrupted - probably did not wait as long as intended.
2023-08-29 14:26:31,235 INFO o.a.j.t.JMeterThread: Thread finished: Groupe d'unités 1-35
2023-08-29 14:26:31,235 INFO o.a.j.t.JMeterThread: Thread finished: Groupe d'unités 1-38
2023-08-29 14:26:31,235 INFO o.a.j.t.JMeterThread: Stopping: Groupe d'unités 1-40
2023-08-29 14:26:31,235 WARN o.a.j.t.JMeterThread: The delay timer was interrupted - probably did not wait as long as intended.
2023-08-29 14:26:31,236 INFO o.a.j.t.JMeterThread: Thread finished: Groupe d'unités 1-40
2023-08-29 14:26:31,236 WARN o.a.j.t.JMeterThread: The delay timer was interrupted - probably did not wait as long as intended.
2023-08-29 14:26:31,236 INFO o.a.j.t.JMeterThread: Stopping: Groupe d'unités 1-13
2023-08-29 14:26:31,236 INFO o.a.j.t.JMeterThread: Thread finished: Groupe d'unités 1-8
2023-08-29 14:26:31,236 INFO o.a.j.t.JMeterThread: Stopping: Groupe d'unités 1-1
2023-08-29 14:26:31,236 INFO o.a.j.t.JMeterThread: Stopping: Groupe d'unités 1-16
2023-08-29 14:26:31,236 INFO o.a.j.t.JMeterThread: Stopping: Groupe d'unités 1-30
2023-08-29 14:26:31,236 WARN o.a.j.t.JMeterThread: The delay timer was interrupted - probably did not wait as long as intended.
2023-08-29 14:26:31,236 WARN o.a.j.t.JMeterThread: The delay timer was interrupted - probably did not wait as long as intended.
2023-08-29 14:26:31,236 WARN o.a.j.t.JMeterThread: The delay timer was interrupted - probably did not wait as long as intended.
2023-08-29 14:26:31,236 INFO o.a.j.t.JMeterThread: Stopping: Groupe d'unités 1-7
2023-08-29 14:26:31,236 INFO o.a.j.t.JMeterThread: Thread finished: Groupe d'unités 1-13
2023-08-29 14:26:31,236 INFO o.a.j.t.JMeterThread: Thread finished: Groupe d'unités 1-12
2023-08-29 14:26:31,237 INFO o.a.j.t.JMeterThread: Stopping: Groupe d'unités 1-27
2023-08-29 14:26:31,237 INFO o.a.j.t.JMeterThread: Stopping: Groupe d'unités 1-42
2023-08-29 14:26:31,236 WARN o.a.j.t.JMeterThread: The delay timer was interrupted - probably did not wait as long as intended.
2023-08-29 14:26:31,237 INFO o.a.j.t.JMeterThread: Stopping: Groupe d'unités 1-28
2023-08-29 14:26:31,237 WARN o.a.j.t.JMeterThread: The delay timer was interrupted - probably did not wait as long as intended.
2023-08-29 14:26:31,237 WARN o.a.j.t.JMeterThread: The delay timer was interrupted - probably did not wait as long as intended.
2023-08-29 14:26:31,237 INFO o.a.j.t.JMeterThread: Thread finished: Groupe d'unités 1-30
2023-08-29 14:26:31,237 INFO o.a.j.t.JMeterThread: Thread finished: Groupe d'unités 1-7
2023-08-29 14:26:31,237 INFO o.a.j.t.JMeterThread: Thread finished: Groupe d'unités 1-27
2023-08-29 14:26:31,237 WARN o.a.j.t.JMeterThread: The delay timer was interrupted - probably did not wait as long as intended.
2023-08-29 14:26:31,237 WARN o.a.j.t.JMeterThread: The delay timer was interrupted - probably did not wait as long as intended.
2023-08-29 14:26:31,237 INFO o.a.j.t.JMeterThread: Thread finished: Groupe d'unités 1-1
2023-08-29 14:26:31,237 INFO o.a.j.t.JMeterThread: Thread finished: Groupe d'unités 1-28
2023-08-29 14:26:31,238 INFO o.a.j.t.JMeterThread: Thread finished: Groupe d'unités 1-16
2023-08-29 14:26:31,237 WARN o.a.j.t.JMeterThread: The delay timer was interrupted - probably did not wait as long as intended.
2023-08-29 14:26:31,237 INFO o.a.j.t.JMeterThread: Stopping: Groupe d'unités 1-44
2023-08-29 14:26:31,238 INFO o.a.j.t.JMeterThread: Stopping: Groupe d'unités 1-49
2023-08-29 14:26:31,238 INFO o.a.j.t.JMeterThread: Thread finished: Groupe d'unités 1-42
2023-08-29 14:26:31,238 INFO o.a.j.t.JMeterThread: Stopping: Groupe d'unités 1-24
2023-08-29 14:26:31,238 INFO o.a.j.t.JMeterThread: Stopping: Groupe d'unités 1-37
2023-08-29 14:26:31,238 WARN o.a.j.t.JMeterThread: The delay timer was interrupted - probably did not wait as long as intended.
2023-08-29 14:26:31,238 WARN o.a.j.t.JMeterThread: The delay timer was interrupted - probably did not wait as long as intended.
2023-08-29 14:26:31,238 WARN o.a.j.t.JMeterThread: The delay timer was interrupted - probably did not wait as long as intended.
2023-08-29 14:26:31,238 WARN o.a.j.t.JMeterThread: The delay timer was interrupted - probably did not wait as long as intended.
2023-08-29 14:26:31,238 INFO o.a.j.t.JMeterThread: Thread finished: Groupe d'unités 1-49
2023-08-29 14:26:31,238 INFO o.a.j.t.JMeterThread: Thread finished: Groupe d'unités 1-24
2023-08-29 14:26:31,238 INFO o.a.j.t.JMeterThread: Thread finished: Groupe d'unités 1-44
2023-08-29 14:26:31,238 INFO o.a.j.t.JMeterThread: Thread finished: Groupe d'unités 1-37
2023-08-29 14:26:31,238 INFO o.a.j.t.JMeterThread: Stopping: Groupe d'unités 1-18
2023-08-29 14:26:31,239 WARN o.a.j.t.JMeterThread: The delay timer was interrupted - probably did not wait as long as intended.
2023-08-29 14:26:31,239 INFO o.a.j.t.JMeterThread: Thread finished: Groupe d'unités 1-18
2023-08-29 14:26:31,239 INFO o.a.j.t.JMeterThread: Stopping: Groupe d'unités 1-41
2023-08-29 14:26:31,239 INFO o.a.j.t.JMeterThread: Stopping: Groupe d'unités 1-32
2023-08-29 14:26:31,239 WARN o.a.j.t.JMeterThread: The delay timer was interrupted - probably did not wait as long as intended.
2023-08-29 14:26:31,239 INFO o.a.j.t.JMeterThread: Stopping: Groupe d'unités 1-46
2023-08-29 14:26:31,239 INFO o.a.j.t.JMeterThread: Stopping: Groupe d'unités 1-43
2023-08-29 14:26:31,239 WARN o.a.j.t.JMeterThread: The delay timer was interrupted - probably did not wait as long as intended.
2023-08-29 14:26:31,239 WARN o.a.j.t.JMeterThread: The delay timer was interrupted - probably did not wait as long as intended.
2023-08-29 14:26:31,239 INFO o.a.j.t.JMeterThread: Thread finished: Groupe d'unités 1-41
2023-08-29 14:26:31,239 WARN o.a.j.t.JMeterThread: The delay timer was interrupted - probably did not wait as long as intended.
2023-08-29 14:26:31,239 INFO o.a.j.t.JMeterThread: Thread finished: Groupe d'unités 1-32
2023-08-29 14:26:31,240 INFO o.a.j.t.JMeterThread: Thread finished: Groupe d'unités 1-46
2023-08-29 14:26:31,240 INFO o.a.j.t.JMeterThread: Stopping: Groupe d'unités 1-20
2023-08-29 14:26:31,240 INFO o.a.j.t.JMeterThread: Thread finished: Groupe d'unités 1-43
2023-08-29 14:26:31,240 WARN o.a.j.t.JMeterThread: The delay timer was interrupted - probably did not wait as long as intended.
2023-08-29 14:26:31,240 INFO o.a.j.t.JMeterThread: Thread finished: Groupe d'unités 1-20
2023-08-29 14:26:31,240 INFO o.a.j.t.JMeterThread: Stopping: Groupe d'unités 1-33
2023-08-29 14:26:31,240 INFO o.a.j.t.JMeterThread: Stopping: Groupe d'unités 1-4
2023-08-29 14:26:31,240 WARN o.a.j.t.JMeterThread: The delay timer was interrupted - probably did not wait as long as intended.
2023-08-29 14:26:31,240 WARN o.a.j.t.JMeterThread: The delay timer was interrupted - probably did not wait as long as intended.
2023-08-29 14:26:31,240 INFO o.a.j.t.JMeterThread: Thread finished: Groupe d'unités 1-4
2023-08-29 14:26:31,240 INFO o.a.j.t.JMeterThread: Thread finished: Groupe d'unités 1-33
2023-08-29 14:26:31,241 INFO o.a.j.t.JMeterThread: Stopping: Groupe d'unités 1-21
2023-08-29 14:26:31,241 INFO o.a.j.t.JMeterThread: Stopping: Groupe d'unités 1-45
2023-08-29 14:26:31,241 WARN o.a.j.t.JMeterThread: The delay timer was interrupted - probably did not wait as long as intended.
2023-08-29 14:26:31,241 INFO o.a.j.t.JMeterThread: Stopping: Groupe d'unités 1-26
2023-08-29 14:26:31,241 WARN o.a.j.t.JMeterThread: The delay timer was interrupted - probably did not wait as long as intended.
2023-08-29 14:26:31,241 WARN o.a.j.t.JMeterThread: The delay timer was interrupted - probably did not wait as long as intended.
2023-08-29 14:26:31,241 INFO o.a.j.t.JMeterThread: Thread finished: Groupe d'unités 1-21
2023-08-29 14:26:31,241 INFO o.a.j.t.JMeterThread: Thread finished: Groupe d'unités 1-45
2023-08-29 14:26:31,241 INFO o.a.j.t.JMeterThread: Stopping: Groupe d'unités 1-14
2023-08-29 14:26:31,241 INFO o.a.j.t.JMeterThread: Thread finished: Groupe d'unités 1-26
2023-08-29 14:26:31,242 WARN o.a.j.t.JMeterThread: The delay timer was interrupted - probably did not wait as long as intended.
2023-08-29 14:26:31,242 INFO o.a.j.t.JMeterThread: Thread finished: Groupe d'unités 1-14
2023-08-29 14:26:31,242 INFO o.a.j.e.StandardJMeterEngine: Notifying test listeners of end of test
2023-08-29 14:26:31,242 INFO o.a.j.g.u.JMeterMenuBar: setRunning(false, *local*)
