2023-07-30 13:39:24,181 INFO o.a.j.u.JMeterUtils: Setting Locale to en_EN
2023-07-30 13:39:24,212 INFO o.a.j.JMeter: Loading user properties from: /home/dthibau/.sdkman/candidates/jmeter/5.6/bin/user.properties
2023-07-30 13:39:24,212 INFO o.a.j.JMeter: Loading system properties from: /home/dthibau/.sdkman/candidates/jmeter/5.6/bin/system.properties
2023-07-30 13:39:24,221 INFO o.a.j.JMeter: Copyright (c) 1998-2023 The Apache Software Foundation
2023-07-30 13:39:24,221 INFO o.a.j.JMeter: Version 5.6
2023-07-30 13:39:24,221 INFO o.a.j.JMeter: java.version=14.0.2
2023-07-30 13:39:24,221 INFO o.a.j.JMeter: java.vm.name=Java HotSpot(TM) 64-Bit Server VM
2023-07-30 13:39:24,222 INFO o.a.j.JMeter: os.name=Linux
2023-07-30 13:39:24,222 INFO o.a.j.JMeter: os.arch=amd64
2023-07-30 13:39:24,222 INFO o.a.j.JMeter: os.version=5.19.0-50-generic
2023-07-30 13:39:24,222 INFO o.a.j.JMeter: file.encoding=UTF-8
2023-07-30 13:39:24,222 INFO o.a.j.JMeter: java.awt.headless=null
2023-07-30 13:39:24,222 INFO o.a.j.JMeter: Max memory     =1073741824
2023-07-30 13:39:24,222 INFO o.a.j.JMeter: Available Processors =8
2023-07-30 13:39:24,233 INFO o.a.j.JMeter: Default Locale=English (EN)
2023-07-30 13:39:24,234 INFO o.a.j.JMeter: JMeter  Locale=English (EN)
2023-07-30 13:39:24,234 INFO o.a.j.JMeter: JMeterHome=/home/dthibau/.sdkman/candidates/jmeter/5.6
2023-07-30 13:39:24,234 INFO o.a.j.JMeter: user.dir  =/home/dthibau/Formations/SpringKafka/github/slides/Ateliers_Data/4_Asynchrone
2023-07-30 13:39:24,234 INFO o.a.j.JMeter: PWD       =/home/dthibau/Formations/SpringKafka/github/slides/Ateliers_Data/4_Asynchrone
2023-07-30 13:39:24,234 INFO o.a.j.JMeter: IP: 127.0.1.1 Name: dthibau-XPS-13-7390 FullName: dthibau-XPS-13-7390
2023-07-30 13:39:24,252 INFO o.a.j.JMeter: Loaded icon properties from org/apache/jmeter/images/icon.properties
2023-07-30 13:39:24,612 INFO o.a.j.JMeterGuiLauncher: Setting LAF to: com.github.weisj.darklaf.DarkLaf:com.github.weisj.darklaf.theme.DarculaTheme
2023-07-30 13:39:51,731 INFO o.a.j.s.FileServer: Default base='/home/dthibau/Formations/SpringKafka/github/slides/Ateliers_Data/4_Asynchrone'
2023-07-30 13:39:51,734 INFO o.a.j.g.a.Load: Loading file: /home/dthibau/Formations/SpringKafka/github/slides/Ateliers_Data/4_Asynchrone/CreateOrder.jmx
2023-07-30 13:39:51,734 INFO o.a.j.s.FileServer: Set new base='/home/dthibau/Formations/SpringKafka/github/slides/Ateliers_Data/4_Asynchrone'
2023-07-30 13:39:51,891 INFO o.a.j.s.SaveService: Testplan (JMX) version: 2.2. Testlog (JTL) version: 2.2
2023-07-30 13:39:51,910 INFO o.a.j.s.SaveService: Using SaveService properties version 5.0
2023-07-30 13:39:51,912 INFO o.a.j.s.SaveService: Using SaveService properties file encoding UTF-8
2023-07-30 13:39:51,913 INFO o.a.j.s.SaveService: Loading file: /home/dthibau/Formations/SpringKafka/github/slides/Ateliers_Data/4_Asynchrone/CreateOrder.jmx
2023-07-30 13:39:51,943 INFO o.a.j.p.h.s.HTTPSamplerBase: Parser for text/html is org.apache.jmeter.protocol.http.parser.LagartoBasedHtmlParser
2023-07-30 13:39:51,943 INFO o.a.j.p.h.s.HTTPSamplerBase: Parser for application/xhtml+xml is org.apache.jmeter.protocol.http.parser.LagartoBasedHtmlParser
2023-07-30 13:39:51,943 INFO o.a.j.p.h.s.HTTPSamplerBase: Parser for application/xml is org.apache.jmeter.protocol.http.parser.LagartoBasedHtmlParser
2023-07-30 13:39:51,943 INFO o.a.j.p.h.s.HTTPSamplerBase: Parser for text/xml is org.apache.jmeter.protocol.http.parser.LagartoBasedHtmlParser
2023-07-30 13:39:51,943 INFO o.a.j.p.h.s.HTTPSamplerBase: Parser for text/vnd.wap.wml is org.apache.jmeter.protocol.http.parser.RegexpHTMLParser
2023-07-30 13:39:51,944 INFO o.a.j.p.h.s.HTTPSamplerBase: Parser for text/css is org.apache.jmeter.protocol.http.parser.CssParser
2023-07-30 13:39:52,115 INFO o.a.j.s.SampleResult: Note: Sample TimeStamps are START times
2023-07-30 13:39:52,115 INFO o.a.j.s.SampleResult: sampleresult.default.encoding is set to ISO-8859-1
2023-07-30 13:39:52,115 INFO o.a.j.s.SampleResult: sampleresult.useNanoTime=true
2023-07-30 13:39:52,115 INFO o.a.j.s.SampleResult: sampleresult.nanoThreadSleep=5000
2023-07-30 13:39:52,292 ERROR o.a.j.v.ViewResultsFullVisualizer: Exception registering implementation: [org.apache.jmeter.visualizers.RenderInBrowser] of interface: [interface org.apache.jmeter.visualizers.ResultRenderer], a jar is probably missing
java.util.ServiceConfigurationError: org.apache.jmeter.visualizers.ResultRenderer: org.apache.jmeter.visualizers.RenderInBrowser Unable to get public no-arg constructor
	at java.util.ServiceLoader.fail(ServiceLoader.java:584) ~[?:?]
	at java.util.ServiceLoader.getConstructor(ServiceLoader.java:675) ~[?:?]
	at java.util.ServiceLoader$LazyClassPathLookupIterator.hasNextService(ServiceLoader.java:1234) ~[?:?]
	at java.util.ServiceLoader$LazyClassPathLookupIterator.hasNext(ServiceLoader.java:1266) ~[?:?]
	at java.util.ServiceLoader$2.hasNext(ServiceLoader.java:1301) ~[?:?]
	at java.util.ServiceLoader$3.hasNext(ServiceLoader.java:1386) ~[?:?]
	at org.apache.jorphan.reflect.ClassFinder.loadServices(ClassFinder.java:115) ~[jorphan.jar:5.6]
	at org.apache.jmeter.util.JMeterUtils.loadServicesAndScanJars(JMeterUtils.java:345) ~[ApacheJMeter_core.jar:5.6]
	at org.apache.jmeter.visualizers.ViewResultsFullVisualizer.createComboRender(ViewResultsFullVisualizer.java:464) ~[ApacheJMeter_components.jar:5.6]
	at org.apache.jmeter.visualizers.ViewResultsFullVisualizer.createLeftPanel(ViewResultsFullVisualizer.java:438) ~[ApacheJMeter_components.jar:5.6]
	at org.apache.jmeter.visualizers.ViewResultsFullVisualizer.init(ViewResultsFullVisualizer.java:349) ~[ApacheJMeter_components.jar:5.6]
	at org.apache.jmeter.visualizers.ViewResultsFullVisualizer.<init>(ViewResultsFullVisualizer.java:156) ~[ApacheJMeter_components.jar:5.6]
	at jdk.internal.reflect.NativeConstructorAccessorImpl.newInstance0(Native Method) ~[?:?]
	at jdk.internal.reflect.NativeConstructorAccessorImpl.newInstance(NativeConstructorAccessorImpl.java:62) ~[?:?]
	at jdk.internal.reflect.DelegatingConstructorAccessorImpl.newInstance(DelegatingConstructorAccessorImpl.java:45) ~[?:?]
	at java.lang.reflect.Constructor.newInstanceWithCaller(Constructor.java:500) ~[?:?]
	at java.lang.reflect.Constructor.newInstance(Constructor.java:481) ~[?:?]
	at org.apache.jmeter.gui.GuiPackage.getGuiFromCache(GuiPackage.java:424) ~[ApacheJMeter_core.jar:5.6]
	at org.apache.jmeter.gui.GuiPackage.getGui(GuiPackage.java:267) ~[ApacheJMeter_core.jar:5.6]
	at org.apache.jmeter.gui.GuiPackage.getGui(GuiPackage.java:238) ~[ApacheJMeter_core.jar:5.6]
	at org.apache.jmeter.gui.tree.JMeterTreeModel.addComponent(JMeterTreeModel.java:160) ~[ApacheJMeter_core.jar:5.6]
	at org.apache.jmeter.gui.tree.JMeterTreeModel.addSubTree(JMeterTreeModel.java:131) ~[ApacheJMeter_core.jar:5.6]
	at org.apache.jmeter.gui.tree.JMeterTreeModel.addSubTree(JMeterTreeModel.java:131) ~[ApacheJMeter_core.jar:5.6]
	at org.apache.jmeter.gui.tree.JMeterTreeModel.addSubTree(JMeterTreeModel.java:123) ~[ApacheJMeter_core.jar:5.6]
	at org.apache.jmeter.gui.GuiPackage.addSubTree(GuiPackage.java:555) ~[ApacheJMeter_core.jar:5.6]
	at org.apache.jmeter.gui.action.Load.insertLoadedTree(Load.java:201) ~[ApacheJMeter_core.jar:5.6]
	at org.apache.jmeter.gui.action.Load.loadProjectFile(Load.java:132) ~[ApacheJMeter_core.jar:5.6]
	at org.apache.jmeter.gui.action.Load.loadProjectFile(Load.java:103) ~[ApacheJMeter_core.jar:5.6]
	at org.apache.jmeter.gui.action.Load.doActionAfterCheck(Load.java:90) ~[ApacheJMeter_core.jar:5.6]
	at org.apache.jmeter.gui.action.AbstractActionWithNoRunningTest.doAction(AbstractActionWithNoRunningTest.java:44) ~[ApacheJMeter_core.jar:5.6]
	at org.apache.jmeter.gui.action.ActionRouter.performAction(ActionRouter.java:83) ~[ApacheJMeter_core.jar:5.6]
	at org.apache.jmeter.gui.action.ActionRouter.lambda$actionPerformed$0(ActionRouter.java:65) ~[ApacheJMeter_core.jar:5.6]
	at java.awt.event.InvocationEvent.dispatch(InvocationEvent.java:316) ~[?:?]
	at java.awt.EventQueue.dispatchEventImpl(EventQueue.java:770) ~[?:?]
	at java.awt.EventQueue$4.run(EventQueue.java:721) ~[?:?]
	at java.awt.EventQueue$4.run(EventQueue.java:715) ~[?:?]
	at java.security.AccessController.doPrivileged(AccessController.java:391) [?:?]
	at java.security.ProtectionDomain$JavaSecurityAccessImpl.doIntersectionPrivilege(ProtectionDomain.java:85) [?:?]
	at java.awt.EventQueue.dispatchEvent(EventQueue.java:740) [?:?]
	at java.awt.EventDispatchThread.pumpOneEventForFilters(EventDispatchThread.java:203) [?:?]
	at java.awt.EventDispatchThread.pumpEventsForFilter(EventDispatchThread.java:124) [?:?]
	at java.awt.EventDispatchThread.pumpEventsForHierarchy(EventDispatchThread.java:113) [?:?]
	at java.awt.EventDispatchThread.pumpEvents(EventDispatchThread.java:109) [?:?]
	at java.awt.EventDispatchThread.pumpEvents(EventDispatchThread.java:101) [?:?]
	at java.awt.EventDispatchThread.run(EventDispatchThread.java:90) [?:?]
Caused by: java.lang.NoClassDefFoundError: javafx/embed/swing/JFXPanel
	at java.lang.Class.getDeclaredConstructors0(Native Method) ~[?:?]
	at java.lang.Class.privateGetDeclaredConstructors(Class.java:3215) ~[?:?]
	at java.lang.Class.getConstructor0(Class.java:3420) ~[?:?]
	at java.lang.Class.getConstructor(Class.java:2165) ~[?:?]
	at java.util.ServiceLoader$1.run(ServiceLoader.java:662) ~[?:?]
	at java.util.ServiceLoader$1.run(ServiceLoader.java:659) ~[?:?]
	at java.security.AccessController.doPrivileged(AccessController.java:554) [?:?]
	at java.util.ServiceLoader.getConstructor(ServiceLoader.java:670) ~[?:?]
	... 43 more
Caused by: java.lang.ClassNotFoundException: javafx.embed.swing.JFXPanel
	at java.net.URLClassLoader.findClass(URLClassLoader.java:435) ~[?:?]
	at java.lang.ClassLoader.loadClass(ClassLoader.java:589) ~[?:?]
	at java.lang.ClassLoader.loadClass(ClassLoader.java:522) ~[?:?]
	at java.lang.Class.getDeclaredConstructors0(Native Method) ~[?:?]
	at java.lang.Class.privateGetDeclaredConstructors(Class.java:3215) ~[?:?]
	at java.lang.Class.getConstructor0(Class.java:3420) ~[?:?]
	at java.lang.Class.getConstructor(Class.java:2165) ~[?:?]
	at java.util.ServiceLoader$1.run(ServiceLoader.java:662) ~[?:?]
	at java.util.ServiceLoader$1.run(ServiceLoader.java:659) ~[?:?]
	at java.security.AccessController.doPrivileged(AccessController.java:554) ~[?:?]
	at java.util.ServiceLoader.getConstructor(ServiceLoader.java:670) ~[?:?]
	... 43 more
2023-07-30 13:39:52,413 INFO o.a.j.s.FileServer: Set new base='/home/dthibau/Formations/SpringKafka/github/slides/Ateliers_Data/4_Asynchrone'
2023-07-30 13:41:15,143 INFO o.a.j.g.a.Load: Loading file: /home/dthibau/Formations/SpringKafka/github/slides/Ateliers_Data/4_Asynchrone/CreateOrder.jmx
2023-07-30 13:41:15,144 INFO o.a.j.s.FileServer: Set new base='/home/dthibau/Formations/SpringKafka/github/slides/Ateliers_Data/4_Asynchrone'
2023-07-30 13:41:15,145 INFO o.a.j.s.SaveService: Loading file: /home/dthibau/Formations/SpringKafka/github/slides/Ateliers_Data/4_Asynchrone/CreateOrder.jmx
2023-07-30 13:41:15,251 ERROR o.a.j.v.ViewResultsFullVisualizer: Exception registering implementation: [org.apache.jmeter.visualizers.RenderInBrowser] of interface: [interface org.apache.jmeter.visualizers.ResultRenderer], a jar is probably missing
java.util.ServiceConfigurationError: org.apache.jmeter.visualizers.ResultRenderer: org.apache.jmeter.visualizers.RenderInBrowser Unable to get public no-arg constructor
	at java.util.ServiceLoader.fail(ServiceLoader.java:584) ~[?:?]
	at java.util.ServiceLoader.getConstructor(ServiceLoader.java:675) ~[?:?]
	at java.util.ServiceLoader$LazyClassPathLookupIterator.hasNextService(ServiceLoader.java:1234) ~[?:?]
	at java.util.ServiceLoader$LazyClassPathLookupIterator.hasNext(ServiceLoader.java:1266) ~[?:?]
	at java.util.ServiceLoader$2.hasNext(ServiceLoader.java:1301) ~[?:?]
	at java.util.ServiceLoader$3.hasNext(ServiceLoader.java:1386) ~[?:?]
	at org.apache.jorphan.reflect.ClassFinder.loadServices(ClassFinder.java:115) ~[jorphan.jar:5.6]
	at org.apache.jmeter.util.JMeterUtils.loadServicesAndScanJars(JMeterUtils.java:345) ~[ApacheJMeter_core.jar:5.6]
	at org.apache.jmeter.visualizers.ViewResultsFullVisualizer.createComboRender(ViewResultsFullVisualizer.java:464) ~[ApacheJMeter_components.jar:5.6]
	at org.apache.jmeter.visualizers.ViewResultsFullVisualizer.createLeftPanel(ViewResultsFullVisualizer.java:438) ~[ApacheJMeter_components.jar:5.6]
	at org.apache.jmeter.visualizers.ViewResultsFullVisualizer.init(ViewResultsFullVisualizer.java:349) ~[ApacheJMeter_components.jar:5.6]
	at org.apache.jmeter.visualizers.ViewResultsFullVisualizer.<init>(ViewResultsFullVisualizer.java:156) ~[ApacheJMeter_components.jar:5.6]
	at jdk.internal.reflect.NativeConstructorAccessorImpl.newInstance0(Native Method) ~[?:?]
	at jdk.internal.reflect.NativeConstructorAccessorImpl.newInstance(NativeConstructorAccessorImpl.java:62) ~[?:?]
	at jdk.internal.reflect.DelegatingConstructorAccessorImpl.newInstance(DelegatingConstructorAccessorImpl.java:45) ~[?:?]
	at java.lang.reflect.Constructor.newInstanceWithCaller(Constructor.java:500) ~[?:?]
	at java.lang.reflect.Constructor.newInstance(Constructor.java:481) ~[?:?]
	at org.apache.jmeter.gui.GuiPackage.getGuiFromCache(GuiPackage.java:424) ~[ApacheJMeter_core.jar:5.6]
	at org.apache.jmeter.gui.GuiPackage.getGui(GuiPackage.java:267) ~[ApacheJMeter_core.jar:5.6]
	at org.apache.jmeter.gui.GuiPackage.getGui(GuiPackage.java:238) ~[ApacheJMeter_core.jar:5.6]
	at org.apache.jmeter.gui.tree.JMeterTreeModel.addComponent(JMeterTreeModel.java:160) ~[ApacheJMeter_core.jar:5.6]
	at org.apache.jmeter.gui.tree.JMeterTreeModel.addSubTree(JMeterTreeModel.java:131) ~[ApacheJMeter_core.jar:5.6]
	at org.apache.jmeter.gui.tree.JMeterTreeModel.addSubTree(JMeterTreeModel.java:131) ~[ApacheJMeter_core.jar:5.6]
	at org.apache.jmeter.gui.tree.JMeterTreeModel.addSubTree(JMeterTreeModel.java:123) ~[ApacheJMeter_core.jar:5.6]
	at org.apache.jmeter.gui.GuiPackage.addSubTree(GuiPackage.java:555) ~[ApacheJMeter_core.jar:5.6]
	at org.apache.jmeter.gui.action.Load.insertLoadedTree(Load.java:201) ~[ApacheJMeter_core.jar:5.6]
	at org.apache.jmeter.gui.action.Load.loadProjectFile(Load.java:132) ~[ApacheJMeter_core.jar:5.6]
	at org.apache.jmeter.gui.action.Load.loadProjectFile(Load.java:103) ~[ApacheJMeter_core.jar:5.6]
	at org.apache.jmeter.gui.action.RevertProject.doActionAfterCheck(RevertProject.java:76) ~[ApacheJMeter_core.jar:5.6]
	at org.apache.jmeter.gui.action.AbstractActionWithNoRunningTest.doAction(AbstractActionWithNoRunningTest.java:44) ~[ApacheJMeter_core.jar:5.6]
	at org.apache.jmeter.gui.action.ActionRouter.performAction(ActionRouter.java:83) ~[ApacheJMeter_core.jar:5.6]
	at org.apache.jmeter.gui.action.ActionRouter.lambda$actionPerformed$0(ActionRouter.java:65) ~[ApacheJMeter_core.jar:5.6]
	at java.awt.event.InvocationEvent.dispatch(InvocationEvent.java:316) ~[?:?]
	at java.awt.EventQueue.dispatchEventImpl(EventQueue.java:770) ~[?:?]
	at java.awt.EventQueue$4.run(EventQueue.java:721) ~[?:?]
	at java.awt.EventQueue$4.run(EventQueue.java:715) ~[?:?]
	at java.security.AccessController.doPrivileged(AccessController.java:391) [?:?]
	at java.security.ProtectionDomain$JavaSecurityAccessImpl.doIntersectionPrivilege(ProtectionDomain.java:85) [?:?]
	at java.awt.EventQueue.dispatchEvent(EventQueue.java:740) [?:?]
	at java.awt.EventDispatchThread.pumpOneEventForFilters(EventDispatchThread.java:203) [?:?]
	at java.awt.EventDispatchThread.pumpEventsForFilter(EventDispatchThread.java:124) [?:?]
	at java.awt.EventDispatchThread.pumpEventsForHierarchy(EventDispatchThread.java:113) [?:?]
	at java.awt.EventDispatchThread.pumpEvents(EventDispatchThread.java:109) [?:?]
	at java.awt.EventDispatchThread.pumpEvents(EventDispatchThread.java:101) [?:?]
	at java.awt.EventDispatchThread.run(EventDispatchThread.java:90) [?:?]
Caused by: java.lang.NoClassDefFoundError: javafx/embed/swing/JFXPanel
	at java.lang.Class.getDeclaredConstructors0(Native Method) ~[?:?]
	at java.lang.Class.privateGetDeclaredConstructors(Class.java:3215) ~[?:?]
	at java.lang.Class.getConstructor0(Class.java:3420) ~[?:?]
	at java.lang.Class.getConstructor(Class.java:2165) ~[?:?]
	at java.util.ServiceLoader$1.run(ServiceLoader.java:662) ~[?:?]
	at java.util.ServiceLoader$1.run(ServiceLoader.java:659) ~[?:?]
	at java.security.AccessController.doPrivileged(AccessController.java:554) [?:?]
	at java.util.ServiceLoader.getConstructor(ServiceLoader.java:670) ~[?:?]
	... 43 more
Caused by: java.lang.ClassNotFoundException: javafx.embed.swing.JFXPanel
	at java.net.URLClassLoader.findClass(URLClassLoader.java:435) ~[?:?]
	at java.lang.ClassLoader.loadClass(ClassLoader.java:589) ~[?:?]
	at java.lang.ClassLoader.loadClass(ClassLoader.java:522) ~[?:?]
	at java.lang.Class.getDeclaredConstructors0(Native Method) ~[?:?]
	at java.lang.Class.privateGetDeclaredConstructors(Class.java:3215) ~[?:?]
	at java.lang.Class.getConstructor0(Class.java:3420) ~[?:?]
	at java.lang.Class.getConstructor(Class.java:2165) ~[?:?]
	at java.util.ServiceLoader$1.run(ServiceLoader.java:662) ~[?:?]
	at java.util.ServiceLoader$1.run(ServiceLoader.java:659) ~[?:?]
	at java.security.AccessController.doPrivileged(AccessController.java:554) ~[?:?]
	at java.util.ServiceLoader.getConstructor(ServiceLoader.java:670) ~[?:?]
	... 43 more
2023-07-30 13:41:15,381 INFO o.a.j.s.FileServer: Set new base='/home/dthibau/Formations/SpringKafka/github/slides/Ateliers_Data/4_Asynchrone'
2023-07-30 13:41:38,721 INFO o.a.j.g.a.Load: Loading file: /home/dthibau/Formations/SpringKafka/github/slides/Ateliers_Data/4_Asynchrone/CreateOrder.jmx
2023-07-30 13:41:38,722 INFO o.a.j.s.FileServer: Set new base='/home/dthibau/Formations/SpringKafka/github/slides/Ateliers_Data/4_Asynchrone'
2023-07-30 13:41:38,722 INFO o.a.j.s.SaveService: Loading file: /home/dthibau/Formations/SpringKafka/github/slides/Ateliers_Data/4_Asynchrone/CreateOrder.jmx
2023-07-30 13:41:38,942 ERROR o.a.j.v.ViewResultsFullVisualizer: Exception registering implementation: [org.apache.jmeter.visualizers.RenderInBrowser] of interface: [interface org.apache.jmeter.visualizers.ResultRenderer], a jar is probably missing
java.util.ServiceConfigurationError: org.apache.jmeter.visualizers.ResultRenderer: org.apache.jmeter.visualizers.RenderInBrowser Unable to get public no-arg constructor
	at java.util.ServiceLoader.fail(ServiceLoader.java:584) ~[?:?]
	at java.util.ServiceLoader.getConstructor(ServiceLoader.java:675) ~[?:?]
	at java.util.ServiceLoader$LazyClassPathLookupIterator.hasNextService(ServiceLoader.java:1234) ~[?:?]
	at java.util.ServiceLoader$LazyClassPathLookupIterator.hasNext(ServiceLoader.java:1266) ~[?:?]
	at java.util.ServiceLoader$2.hasNext(ServiceLoader.java:1301) ~[?:?]
	at java.util.ServiceLoader$3.hasNext(ServiceLoader.java:1386) ~[?:?]
	at org.apache.jorphan.reflect.ClassFinder.loadServices(ClassFinder.java:115) ~[jorphan.jar:5.6]
	at org.apache.jmeter.util.JMeterUtils.loadServicesAndScanJars(JMeterUtils.java:345) ~[ApacheJMeter_core.jar:5.6]
	at org.apache.jmeter.visualizers.ViewResultsFullVisualizer.createComboRender(ViewResultsFullVisualizer.java:464) ~[ApacheJMeter_components.jar:5.6]
	at org.apache.jmeter.visualizers.ViewResultsFullVisualizer.createLeftPanel(ViewResultsFullVisualizer.java:438) ~[ApacheJMeter_components.jar:5.6]
	at org.apache.jmeter.visualizers.ViewResultsFullVisualizer.init(ViewResultsFullVisualizer.java:349) ~[ApacheJMeter_components.jar:5.6]
	at org.apache.jmeter.visualizers.ViewResultsFullVisualizer.<init>(ViewResultsFullVisualizer.java:156) ~[ApacheJMeter_components.jar:5.6]
	at jdk.internal.reflect.NativeConstructorAccessorImpl.newInstance0(Native Method) ~[?:?]
	at jdk.internal.reflect.NativeConstructorAccessorImpl.newInstance(NativeConstructorAccessorImpl.java:62) ~[?:?]
	at jdk.internal.reflect.DelegatingConstructorAccessorImpl.newInstance(DelegatingConstructorAccessorImpl.java:45) ~[?:?]
	at java.lang.reflect.Constructor.newInstanceWithCaller(Constructor.java:500) ~[?:?]
	at java.lang.reflect.Constructor.newInstance(Constructor.java:481) ~[?:?]
	at org.apache.jmeter.gui.GuiPackage.getGuiFromCache(GuiPackage.java:424) ~[ApacheJMeter_core.jar:5.6]
	at org.apache.jmeter.gui.GuiPackage.getGui(GuiPackage.java:267) ~[ApacheJMeter_core.jar:5.6]
	at org.apache.jmeter.gui.GuiPackage.getGui(GuiPackage.java:238) ~[ApacheJMeter_core.jar:5.6]
	at org.apache.jmeter.gui.tree.JMeterTreeModel.addComponent(JMeterTreeModel.java:160) ~[ApacheJMeter_core.jar:5.6]
	at org.apache.jmeter.gui.tree.JMeterTreeModel.addSubTree(JMeterTreeModel.java:131) ~[ApacheJMeter_core.jar:5.6]
	at org.apache.jmeter.gui.tree.JMeterTreeModel.addSubTree(JMeterTreeModel.java:131) ~[ApacheJMeter_core.jar:5.6]
	at org.apache.jmeter.gui.tree.JMeterTreeModel.addSubTree(JMeterTreeModel.java:123) ~[ApacheJMeter_core.jar:5.6]
	at org.apache.jmeter.gui.GuiPackage.addSubTree(GuiPackage.java:555) ~[ApacheJMeter_core.jar:5.6]
	at org.apache.jmeter.gui.action.Load.insertLoadedTree(Load.java:201) ~[ApacheJMeter_core.jar:5.6]
	at org.apache.jmeter.gui.action.Load.loadProjectFile(Load.java:132) ~[ApacheJMeter_core.jar:5.6]
	at org.apache.jmeter.gui.action.Load.loadProjectFile(Load.java:103) ~[ApacheJMeter_core.jar:5.6]
	at org.apache.jmeter.gui.action.Load.doActionAfterCheck(Load.java:90) ~[ApacheJMeter_core.jar:5.6]
	at org.apache.jmeter.gui.action.AbstractActionWithNoRunningTest.doAction(AbstractActionWithNoRunningTest.java:44) ~[ApacheJMeter_core.jar:5.6]
	at org.apache.jmeter.gui.action.ActionRouter.performAction(ActionRouter.java:83) ~[ApacheJMeter_core.jar:5.6]
	at org.apache.jmeter.gui.action.ActionRouter.lambda$actionPerformed$0(ActionRouter.java:65) ~[ApacheJMeter_core.jar:5.6]
	at java.awt.event.InvocationEvent.dispatch(InvocationEvent.java:316) ~[?:?]
	at java.awt.EventQueue.dispatchEventImpl(EventQueue.java:770) ~[?:?]
	at java.awt.EventQueue$4.run(EventQueue.java:721) ~[?:?]
	at java.awt.EventQueue$4.run(EventQueue.java:715) ~[?:?]
	at java.security.AccessController.doPrivileged(AccessController.java:391) [?:?]
	at java.security.ProtectionDomain$JavaSecurityAccessImpl.doIntersectionPrivilege(ProtectionDomain.java:85) [?:?]
	at java.awt.EventQueue.dispatchEvent(EventQueue.java:740) [?:?]
	at java.awt.EventDispatchThread.pumpOneEventForFilters(EventDispatchThread.java:203) [?:?]
	at java.awt.EventDispatchThread.pumpEventsForFilter(EventDispatchThread.java:124) [?:?]
	at java.awt.EventDispatchThread.pumpEventsForHierarchy(EventDispatchThread.java:113) [?:?]
	at java.awt.EventDispatchThread.pumpEvents(EventDispatchThread.java:109) [?:?]
	at java.awt.EventDispatchThread.pumpEvents(EventDispatchThread.java:101) [?:?]
	at java.awt.EventDispatchThread.run(EventDispatchThread.java:90) [?:?]
Caused by: java.lang.NoClassDefFoundError: javafx/embed/swing/JFXPanel
	at java.lang.Class.getDeclaredConstructors0(Native Method) ~[?:?]
	at java.lang.Class.privateGetDeclaredConstructors(Class.java:3215) ~[?:?]
	at java.lang.Class.getConstructor0(Class.java:3420) ~[?:?]
	at java.lang.Class.getConstructor(Class.java:2165) ~[?:?]
	at java.util.ServiceLoader$1.run(ServiceLoader.java:662) ~[?:?]
	at java.util.ServiceLoader$1.run(ServiceLoader.java:659) ~[?:?]
	at java.security.AccessController.doPrivileged(AccessController.java:554) [?:?]
	at java.util.ServiceLoader.getConstructor(ServiceLoader.java:670) ~[?:?]
	... 43 more
Caused by: java.lang.ClassNotFoundException: javafx.embed.swing.JFXPanel
	at java.net.URLClassLoader.findClass(URLClassLoader.java:435) ~[?:?]
	at java.lang.ClassLoader.loadClass(ClassLoader.java:589) ~[?:?]
	at java.lang.ClassLoader.loadClass(ClassLoader.java:522) ~[?:?]
	at java.lang.Class.getDeclaredConstructors0(Native Method) ~[?:?]
	at java.lang.Class.privateGetDeclaredConstructors(Class.java:3215) ~[?:?]
	at java.lang.Class.getConstructor0(Class.java:3420) ~[?:?]
	at java.lang.Class.getConstructor(Class.java:2165) ~[?:?]
	at java.util.ServiceLoader$1.run(ServiceLoader.java:662) ~[?:?]
	at java.util.ServiceLoader$1.run(ServiceLoader.java:659) ~[?:?]
	at java.security.AccessController.doPrivileged(AccessController.java:554) ~[?:?]
	at java.util.ServiceLoader.getConstructor(ServiceLoader.java:670) ~[?:?]
	... 43 more
2023-07-30 13:41:39,030 INFO o.a.j.s.FileServer: Set new base='/home/dthibau/Formations/SpringKafka/github/slides/Ateliers_Data/4_Asynchrone'
2023-07-30 13:42:22,095 INFO o.a.j.e.StandardJMeterEngine: Running the test!
2023-07-30 13:42:22,098 INFO o.a.j.s.SampleEvent: List of sample_variables: []
2023-07-30 13:42:22,099 INFO o.a.j.s.SampleEvent: List of sample_variables: []
2023-07-30 13:42:22,104 INFO o.a.j.e.u.CompoundVariable: Note: Function class names must contain the string: '.functions.'
2023-07-30 13:42:22,104 INFO o.a.j.e.u.CompoundVariable: Note: Function class names must not contain the string: '.gui.'
2023-07-30 13:42:22,486 INFO o.a.j.g.u.JMeterMenuBar: setRunning(true, *local*)
2023-07-30 13:42:22,529 INFO o.a.j.e.StandardJMeterEngine: Starting ThreadGroup: 1 : Groupe d'unités
2023-07-30 13:42:22,529 INFO o.a.j.e.StandardJMeterEngine: Starting 50 threads for group Groupe d'unités.
2023-07-30 13:42:22,529 INFO o.a.j.e.StandardJMeterEngine: Thread will continue on error
2023-07-30 13:42:22,529 INFO o.a.j.t.ThreadGroup: Starting thread group... number=1 threads=50 ramp-up=1 delayedStart=false
2023-07-30 13:42:22,536 INFO o.a.j.t.JMeterThread: Thread started: Groupe d'unités 1-1
2023-07-30 13:42:22,553 INFO o.a.j.t.JMeterThread: Thread started: Groupe d'unités 1-2
2023-07-30 13:42:22,558 INFO o.a.j.t.ThreadGroup: Started thread group number 1
2023-07-30 13:42:22,558 INFO o.a.j.e.StandardJMeterEngine: All thread groups have been started
2023-07-30 13:42:22,572 INFO o.a.j.t.JMeterThread: Thread started: Groupe d'unités 1-3
2023-07-30 13:42:22,591 INFO o.a.j.t.JMeterThread: Thread started: Groupe d'unités 1-4
2023-07-30 13:42:22,613 INFO o.a.j.t.JMeterThread: Thread started: Groupe d'unités 1-5
2023-07-30 13:42:22,630 INFO o.a.j.t.JMeterThread: Thread started: Groupe d'unités 1-6
2023-07-30 13:42:22,650 INFO o.a.j.t.JMeterThread: Thread started: Groupe d'unités 1-7
2023-07-30 13:42:22,671 INFO o.a.j.t.JMeterThread: Thread started: Groupe d'unités 1-8
2023-07-30 13:42:22,690 INFO o.a.j.t.JMeterThread: Thread started: Groupe d'unités 1-9
2023-07-30 13:42:22,710 INFO o.a.j.t.JMeterThread: Thread started: Groupe d'unités 1-10
2023-07-30 13:42:22,730 INFO o.a.j.t.JMeterThread: Thread started: Groupe d'unités 1-11
2023-07-30 13:42:22,750 INFO o.a.j.t.JMeterThread: Thread started: Groupe d'unités 1-12
2023-07-30 13:42:22,770 INFO o.a.j.t.JMeterThread: Thread started: Groupe d'unités 1-13
2023-07-30 13:42:22,790 INFO o.a.j.t.JMeterThread: Thread started: Groupe d'unités 1-14
2023-07-30 13:42:22,810 INFO o.a.j.t.JMeterThread: Thread started: Groupe d'unités 1-15
2023-07-30 13:42:22,830 INFO o.a.j.t.JMeterThread: Thread started: Groupe d'unités 1-16
2023-07-30 13:42:22,850 INFO o.a.j.t.JMeterThread: Thread started: Groupe d'unités 1-17
2023-07-30 13:42:22,870 INFO o.a.j.t.JMeterThread: Thread started: Groupe d'unités 1-18
2023-07-30 13:42:22,890 INFO o.a.j.t.JMeterThread: Thread started: Groupe d'unités 1-19
2023-07-30 13:42:22,910 INFO o.a.j.t.JMeterThread: Thread started: Groupe d'unités 1-20
2023-07-30 13:42:22,930 INFO o.a.j.t.JMeterThread: Thread started: Groupe d'unités 1-21
2023-07-30 13:42:22,950 INFO o.a.j.t.JMeterThread: Thread started: Groupe d'unités 1-22
2023-07-30 13:42:22,970 INFO o.a.j.t.JMeterThread: Thread started: Groupe d'unités 1-23
2023-07-30 13:42:22,990 INFO o.a.j.t.JMeterThread: Thread started: Groupe d'unités 1-24
2023-07-30 13:42:23,010 INFO o.a.j.t.JMeterThread: Thread started: Groupe d'unités 1-25
2023-07-30 13:42:23,030 INFO o.a.j.t.JMeterThread: Thread started: Groupe d'unités 1-26
2023-07-30 13:42:23,050 INFO o.a.j.t.JMeterThread: Thread started: Groupe d'unités 1-27
2023-07-30 13:42:23,070 INFO o.a.j.t.JMeterThread: Thread started: Groupe d'unités 1-28
2023-07-30 13:42:23,090 INFO o.a.j.t.JMeterThread: Thread started: Groupe d'unités 1-29
2023-07-30 13:42:23,109 INFO o.a.j.t.JMeterThread: Thread started: Groupe d'unités 1-30
2023-07-30 13:42:23,130 INFO o.a.j.t.JMeterThread: Thread started: Groupe d'unités 1-31
2023-07-30 13:42:23,149 INFO o.a.j.t.JMeterThread: Thread started: Groupe d'unités 1-32
2023-07-30 13:42:23,170 INFO o.a.j.t.JMeterThread: Thread started: Groupe d'unités 1-33
2023-07-30 13:42:23,190 INFO o.a.j.t.JMeterThread: Thread started: Groupe d'unités 1-34
2023-07-30 13:42:23,210 INFO o.a.j.t.JMeterThread: Thread started: Groupe d'unités 1-35
2023-07-30 13:42:23,230 INFO o.a.j.t.JMeterThread: Thread started: Groupe d'unités 1-36
2023-07-30 13:42:23,250 INFO o.a.j.t.JMeterThread: Thread started: Groupe d'unités 1-37
2023-07-30 13:42:23,270 INFO o.a.j.t.JMeterThread: Thread started: Groupe d'unités 1-38
2023-07-30 13:42:23,290 INFO o.a.j.t.JMeterThread: Thread started: Groupe d'unités 1-39
2023-07-30 13:42:23,310 INFO o.a.j.t.JMeterThread: Thread started: Groupe d'unités 1-40
2023-07-30 13:42:23,330 INFO o.a.j.t.JMeterThread: Thread started: Groupe d'unités 1-41
2023-07-30 13:42:23,349 INFO o.a.j.t.JMeterThread: Thread started: Groupe d'unités 1-42
2023-07-30 13:42:23,370 INFO o.a.j.t.JMeterThread: Thread started: Groupe d'unités 1-43
2023-07-30 13:42:23,390 INFO o.a.j.t.JMeterThread: Thread started: Groupe d'unités 1-44
2023-07-30 13:42:23,410 INFO o.a.j.t.JMeterThread: Thread started: Groupe d'unités 1-45
2023-07-30 13:42:23,430 INFO o.a.j.t.JMeterThread: Thread started: Groupe d'unités 1-46
2023-07-30 13:42:23,449 INFO o.a.j.t.JMeterThread: Thread started: Groupe d'unités 1-47
2023-07-30 13:42:23,470 INFO o.a.j.t.JMeterThread: Thread started: Groupe d'unités 1-48
2023-07-30 13:42:23,490 INFO o.a.j.t.JMeterThread: Thread started: Groupe d'unités 1-49
2023-07-30 13:42:23,509 INFO o.a.j.t.JMeterThread: Thread started: Groupe d'unités 1-50
2023-07-30 13:42:27,440 INFO o.a.j.p.h.s.HTTPHCAbstractImpl: Local host = dthibau-XPS-13-7390
2023-07-30 13:42:27,467 INFO o.a.j.p.h.s.HTTPHC4Impl: HTTP request retry count = 0
2023-07-30 13:43:13,994 INFO o.a.j.t.JMeterThread: Thread is done: Groupe d'unités 1-7
2023-07-30 13:43:13,994 INFO o.a.j.t.JMeterThread: Thread finished: Groupe d'unités 1-7
2023-07-30 13:43:14,092 INFO o.a.j.t.JMeterThread: Thread is done: Groupe d'unités 1-19
2023-07-30 13:43:14,093 INFO o.a.j.t.JMeterThread: Thread finished: Groupe d'unités 1-19
2023-07-30 13:43:14,213 INFO o.a.j.t.JMeterThread: Thread is done: Groupe d'unités 1-32
2023-07-30 13:43:14,213 INFO o.a.j.t.JMeterThread: Thread finished: Groupe d'unités 1-32
2023-07-30 13:43:14,273 INFO o.a.j.t.JMeterThread: Thread is done: Groupe d'unités 1-22
2023-07-30 13:43:14,273 INFO o.a.j.t.JMeterThread: Thread finished: Groupe d'unités 1-22
2023-07-30 13:43:14,323 INFO o.a.j.t.JMeterThread: Thread is done: Groupe d'unités 1-48
2023-07-30 13:43:14,324 INFO o.a.j.t.JMeterThread: Thread finished: Groupe d'unités 1-48
2023-07-30 13:43:14,397 INFO o.a.j.t.JMeterThread: Thread is done: Groupe d'unités 1-47
2023-07-30 13:43:14,398 INFO o.a.j.t.JMeterThread: Thread finished: Groupe d'unités 1-47
2023-07-30 13:43:14,496 INFO o.a.j.t.JMeterThread: Thread is done: Groupe d'unités 1-12
2023-07-30 13:43:14,496 INFO o.a.j.t.JMeterThread: Thread finished: Groupe d'unités 1-12
2023-07-30 13:43:14,521 INFO o.a.j.t.JMeterThread: Thread is done: Groupe d'unités 1-3
2023-07-30 13:43:14,522 INFO o.a.j.t.JMeterThread: Thread finished: Groupe d'unités 1-3
2023-07-30 13:43:14,525 INFO o.a.j.t.JMeterThread: Thread is done: Groupe d'unités 1-40
2023-07-30 13:43:14,525 INFO o.a.j.t.JMeterThread: Thread finished: Groupe d'unités 1-40
2023-07-30 13:43:14,531 INFO o.a.j.t.JMeterThread: Thread is done: Groupe d'unités 1-21
2023-07-30 13:43:14,531 INFO o.a.j.t.JMeterThread: Thread finished: Groupe d'unités 1-21
2023-07-30 13:43:14,591 INFO o.a.j.t.JMeterThread: Thread is done: Groupe d'unités 1-24
2023-07-30 13:43:14,592 INFO o.a.j.t.JMeterThread: Thread finished: Groupe d'unités 1-24
2023-07-30 13:43:14,598 INFO o.a.j.t.JMeterThread: Thread is done: Groupe d'unités 1-50
2023-07-30 13:43:14,599 INFO o.a.j.t.JMeterThread: Thread finished: Groupe d'unités 1-50
2023-07-30 13:43:14,604 INFO o.a.j.t.JMeterThread: Thread is done: Groupe d'unités 1-11
2023-07-30 13:43:14,605 INFO o.a.j.t.JMeterThread: Thread finished: Groupe d'unités 1-11
2023-07-30 13:43:14,609 INFO o.a.j.t.JMeterThread: Thread is done: Groupe d'unités 1-5
2023-07-30 13:43:14,610 INFO o.a.j.t.JMeterThread: Thread finished: Groupe d'unités 1-5
2023-07-30 13:43:14,620 INFO o.a.j.t.JMeterThread: Thread is done: Groupe d'unités 1-15
2023-07-30 13:43:14,621 INFO o.a.j.t.JMeterThread: Thread finished: Groupe d'unités 1-15
2023-07-30 13:43:14,638 INFO o.a.j.t.JMeterThread: Thread is done: Groupe d'unités 1-18
2023-07-30 13:43:14,639 INFO o.a.j.t.JMeterThread: Thread finished: Groupe d'unités 1-18
2023-07-30 13:43:14,642 INFO o.a.j.t.JMeterThread: Thread is done: Groupe d'unités 1-38
2023-07-30 13:43:14,642 INFO o.a.j.t.JMeterThread: Thread finished: Groupe d'unités 1-38
2023-07-30 13:43:14,644 INFO o.a.j.t.JMeterThread: Thread is done: Groupe d'unités 1-39
2023-07-30 13:43:14,644 INFO o.a.j.t.JMeterThread: Thread finished: Groupe d'unités 1-39
2023-07-30 13:43:14,651 INFO o.a.j.t.JMeterThread: Thread is done: Groupe d'unités 1-44
2023-07-30 13:43:14,651 INFO o.a.j.t.JMeterThread: Thread finished: Groupe d'unités 1-44
2023-07-30 13:43:14,652 INFO o.a.j.t.JMeterThread: Thread is done: Groupe d'unités 1-37
2023-07-30 13:43:14,653 INFO o.a.j.t.JMeterThread: Thread finished: Groupe d'unités 1-37
2023-07-30 13:43:14,670 INFO o.a.j.t.JMeterThread: Thread is done: Groupe d'unités 1-20
2023-07-30 13:43:14,671 INFO o.a.j.t.JMeterThread: Thread finished: Groupe d'unités 1-20
2023-07-30 13:43:14,687 INFO o.a.j.t.JMeterThread: Thread is done: Groupe d'unités 1-9
2023-07-30 13:43:14,687 INFO o.a.j.t.JMeterThread: Thread finished: Groupe d'unités 1-9
2023-07-30 13:43:14,695 INFO o.a.j.t.JMeterThread: Thread is done: Groupe d'unités 1-28
2023-07-30 13:43:14,696 INFO o.a.j.t.JMeterThread: Thread finished: Groupe d'unités 1-28
2023-07-30 13:43:14,708 INFO o.a.j.t.JMeterThread: Thread is done: Groupe d'unités 1-1
2023-07-30 13:43:14,708 INFO o.a.j.t.JMeterThread: Thread finished: Groupe d'unités 1-1
2023-07-30 13:43:14,715 INFO o.a.j.t.JMeterThread: Thread is done: Groupe d'unités 1-26
2023-07-30 13:43:14,716 INFO o.a.j.t.JMeterThread: Thread finished: Groupe d'unités 1-26
2023-07-30 13:43:14,720 INFO o.a.j.t.JMeterThread: Thread is done: Groupe d'unités 1-10
2023-07-30 13:43:14,721 INFO o.a.j.t.JMeterThread: Thread finished: Groupe d'unités 1-10
2023-07-30 13:43:14,737 INFO o.a.j.t.JMeterThread: Thread is done: Groupe d'unités 1-46
2023-07-30 13:43:14,738 INFO o.a.j.t.JMeterThread: Thread finished: Groupe d'unités 1-46
2023-07-30 13:43:14,746 INFO o.a.j.t.JMeterThread: Thread is done: Groupe d'unités 1-14
2023-07-30 13:43:14,746 INFO o.a.j.t.JMeterThread: Thread is done: Groupe d'unités 1-43
2023-07-30 13:43:14,747 INFO o.a.j.t.JMeterThread: Thread finished: Groupe d'unités 1-14
2023-07-30 13:43:14,747 INFO o.a.j.t.JMeterThread: Thread finished: Groupe d'unités 1-43
2023-07-30 13:43:14,751 INFO o.a.j.t.JMeterThread: Thread is done: Groupe d'unités 1-4
2023-07-30 13:43:14,752 INFO o.a.j.t.JMeterThread: Thread finished: Groupe d'unités 1-4
2023-07-30 13:43:14,760 INFO o.a.j.t.JMeterThread: Thread is done: Groupe d'unités 1-2
2023-07-30 13:43:14,761 INFO o.a.j.t.JMeterThread: Thread finished: Groupe d'unités 1-2
2023-07-30 13:43:14,774 INFO o.a.j.t.JMeterThread: Thread is done: Groupe d'unités 1-6
2023-07-30 13:43:14,774 INFO o.a.j.t.JMeterThread: Thread finished: Groupe d'unités 1-6
2023-07-30 13:43:14,798 INFO o.a.j.t.JMeterThread: Thread is done: Groupe d'unités 1-33
2023-07-30 13:43:14,798 INFO o.a.j.t.JMeterThread: Thread finished: Groupe d'unités 1-33
2023-07-30 13:43:14,813 INFO o.a.j.t.JMeterThread: Thread is done: Groupe d'unités 1-29
2023-07-30 13:43:14,814 INFO o.a.j.t.JMeterThread: Thread finished: Groupe d'unités 1-29
2023-07-30 13:43:14,818 INFO o.a.j.t.JMeterThread: Thread is done: Groupe d'unités 1-35
2023-07-30 13:43:14,818 INFO o.a.j.t.JMeterThread: Thread finished: Groupe d'unités 1-35
2023-07-30 13:43:14,826 INFO o.a.j.t.JMeterThread: Thread is done: Groupe d'unités 1-27
2023-07-30 13:43:14,827 INFO o.a.j.t.JMeterThread: Thread finished: Groupe d'unités 1-27
2023-07-30 13:43:14,840 INFO o.a.j.t.JMeterThread: Thread is done: Groupe d'unités 1-34
2023-07-30 13:43:14,841 INFO o.a.j.t.JMeterThread: Thread finished: Groupe d'unités 1-34
2023-07-30 13:43:14,849 INFO o.a.j.t.JMeterThread: Thread is done: Groupe d'unités 1-13
2023-07-30 13:43:14,849 INFO o.a.j.t.JMeterThread: Thread finished: Groupe d'unités 1-13
2023-07-30 13:43:14,856 INFO o.a.j.t.JMeterThread: Thread is done: Groupe d'unités 1-30
2023-07-30 13:43:14,857 INFO o.a.j.t.JMeterThread: Thread finished: Groupe d'unités 1-30
2023-07-30 13:43:14,888 INFO o.a.j.t.JMeterThread: Thread is done: Groupe d'unités 1-45
2023-07-30 13:43:14,889 INFO o.a.j.t.JMeterThread: Thread finished: Groupe d'unités 1-45
2023-07-30 13:43:14,896 INFO o.a.j.t.JMeterThread: Thread is done: Groupe d'unités 1-36
2023-07-30 13:43:14,896 INFO o.a.j.t.JMeterThread: Thread finished: Groupe d'unités 1-36
2023-07-30 13:43:14,897 INFO o.a.j.t.JMeterThread: Thread is done: Groupe d'unités 1-16
2023-07-30 13:43:14,897 INFO o.a.j.t.JMeterThread: Thread finished: Groupe d'unités 1-16
2023-07-30 13:43:14,961 INFO o.a.j.t.JMeterThread: Thread is done: Groupe d'unités 1-41
2023-07-30 13:43:14,962 INFO o.a.j.t.JMeterThread: Thread finished: Groupe d'unités 1-41
2023-07-30 13:43:15,028 INFO o.a.j.t.JMeterThread: Thread is done: Groupe d'unités 1-23
2023-07-30 13:43:15,028 INFO o.a.j.t.JMeterThread: Thread finished: Groupe d'unités 1-23
2023-07-30 13:43:15,042 INFO o.a.j.t.JMeterThread: Thread is done: Groupe d'unités 1-31
2023-07-30 13:43:15,042 INFO o.a.j.t.JMeterThread: Thread finished: Groupe d'unités 1-31
2023-07-30 13:43:15,150 INFO o.a.j.t.JMeterThread: Thread is done: Groupe d'unités 1-25
2023-07-30 13:43:15,150 INFO o.a.j.t.JMeterThread: Thread finished: Groupe d'unités 1-25
2023-07-30 13:43:15,190 INFO o.a.j.t.JMeterThread: Thread is done: Groupe d'unités 1-49
2023-07-30 13:43:15,190 INFO o.a.j.t.JMeterThread: Thread finished: Groupe d'unités 1-49
2023-07-30 13:43:15,237 INFO o.a.j.t.JMeterThread: Thread is done: Groupe d'unités 1-8
2023-07-30 13:43:15,238 INFO o.a.j.t.JMeterThread: Thread finished: Groupe d'unités 1-8
2023-07-30 13:43:15,279 INFO o.a.j.t.JMeterThread: Thread is done: Groupe d'unités 1-42
2023-07-30 13:43:15,280 INFO o.a.j.t.JMeterThread: Thread finished: Groupe d'unités 1-42
2023-07-30 13:43:15,313 INFO o.a.j.t.JMeterThread: Thread is done: Groupe d'unités 1-17
2023-07-30 13:43:15,313 INFO o.a.j.t.JMeterThread: Thread finished: Groupe d'unités 1-17
2023-07-30 13:43:15,314 INFO o.a.j.e.StandardJMeterEngine: Notifying test listeners of end of test
2023-07-30 13:43:15,315 INFO o.a.j.g.u.JMeterMenuBar: setRunning(false, *local*)
2023-07-30 14:13:07,930 INFO o.a.j.e.StandardJMeterEngine: Running the test!
2023-07-30 14:13:07,937 INFO o.a.j.s.SampleEvent: List of sample_variables: []
2023-07-30 14:13:07,944 INFO o.a.j.g.u.JMeterMenuBar: setRunning(true, *local*)
2023-07-30 14:13:08,225 INFO o.a.j.e.StandardJMeterEngine: Starting ThreadGroup: 1 : Groupe d'unités
2023-07-30 14:13:08,226 INFO o.a.j.e.StandardJMeterEngine: Starting 50 threads for group Groupe d'unités.
2023-07-30 14:13:08,227 INFO o.a.j.e.StandardJMeterEngine: Thread will continue on error
2023-07-30 14:13:08,227 INFO o.a.j.t.ThreadGroup: Starting thread group... number=1 threads=50 ramp-up=1 delayedStart=false
2023-07-30 14:13:08,231 INFO o.a.j.t.JMeterThread: Thread started: Groupe d'unités 1-1
2023-07-30 14:13:08,251 INFO o.a.j.t.JMeterThread: Thread started: Groupe d'unités 1-2
2023-07-30 14:13:08,271 INFO o.a.j.t.JMeterThread: Thread started: Groupe d'unités 1-3
2023-07-30 14:13:08,290 INFO o.a.j.t.JMeterThread: Thread started: Groupe d'unités 1-4
2023-07-30 14:13:08,295 INFO o.a.j.t.ThreadGroup: Started thread group number 1
2023-07-30 14:13:08,296 INFO o.a.j.e.StandardJMeterEngine: All thread groups have been started
2023-07-30 14:13:08,310 INFO o.a.j.t.JMeterThread: Thread started: Groupe d'unités 1-5
2023-07-30 14:13:08,330 INFO o.a.j.t.JMeterThread: Thread started: Groupe d'unités 1-6
2023-07-30 14:13:08,350 INFO o.a.j.t.JMeterThread: Thread started: Groupe d'unités 1-7
2023-07-30 14:13:08,370 INFO o.a.j.t.JMeterThread: Thread started: Groupe d'unités 1-8
2023-07-30 14:13:08,392 INFO o.a.j.t.JMeterThread: Thread started: Groupe d'unités 1-9
2023-07-30 14:13:08,412 INFO o.a.j.t.JMeterThread: Thread started: Groupe d'unités 1-10
2023-07-30 14:13:08,432 INFO o.a.j.t.JMeterThread: Thread started: Groupe d'unités 1-11
2023-07-30 14:13:08,450 INFO o.a.j.t.JMeterThread: Thread started: Groupe d'unités 1-12
2023-07-30 14:13:08,470 INFO o.a.j.t.JMeterThread: Thread started: Groupe d'unités 1-13
2023-07-30 14:13:08,492 INFO o.a.j.t.JMeterThread: Thread started: Groupe d'unités 1-14
2023-07-30 14:13:08,511 INFO o.a.j.t.JMeterThread: Thread started: Groupe d'unités 1-15
2023-07-30 14:13:08,530 INFO o.a.j.t.JMeterThread: Thread started: Groupe d'unités 1-16
2023-07-30 14:13:08,550 INFO o.a.j.t.JMeterThread: Thread started: Groupe d'unités 1-17
2023-07-30 14:13:08,570 INFO o.a.j.t.JMeterThread: Thread started: Groupe d'unités 1-18
2023-07-30 14:13:08,590 INFO o.a.j.t.JMeterThread: Thread started: Groupe d'unités 1-19
2023-07-30 14:13:08,613 INFO o.a.j.t.JMeterThread: Thread started: Groupe d'unités 1-20
2023-07-30 14:13:08,632 INFO o.a.j.t.JMeterThread: Thread started: Groupe d'unités 1-21
2023-07-30 14:13:08,653 INFO o.a.j.t.JMeterThread: Thread started: Groupe d'unités 1-22
2023-07-30 14:13:08,670 INFO o.a.j.t.JMeterThread: Thread started: Groupe d'unités 1-23
2023-07-30 14:13:08,691 INFO o.a.j.t.JMeterThread: Thread started: Groupe d'unités 1-24
2023-07-30 14:13:08,709 INFO o.a.j.t.JMeterThread: Thread started: Groupe d'unités 1-25
2023-07-30 14:13:08,729 INFO o.a.j.t.JMeterThread: Thread started: Groupe d'unités 1-26
2023-07-30 14:13:08,749 INFO o.a.j.t.JMeterThread: Thread started: Groupe d'unités 1-27
2023-07-30 14:13:08,780 INFO o.a.j.t.JMeterThread: Thread started: Groupe d'unités 1-28
2023-07-30 14:13:08,789 INFO o.a.j.t.JMeterThread: Thread started: Groupe d'unités 1-29
2023-07-30 14:13:08,810 INFO o.a.j.t.JMeterThread: Thread started: Groupe d'unités 1-30
2023-07-30 14:13:08,829 INFO o.a.j.t.JMeterThread: Thread started: Groupe d'unités 1-31
2023-07-30 14:13:08,849 INFO o.a.j.t.JMeterThread: Thread started: Groupe d'unités 1-32
2023-07-30 14:13:08,869 INFO o.a.j.t.JMeterThread: Thread started: Groupe d'unités 1-33
2023-07-30 14:13:08,890 INFO o.a.j.t.JMeterThread: Thread started: Groupe d'unités 1-34
2023-07-30 14:13:08,910 INFO o.a.j.t.JMeterThread: Thread started: Groupe d'unités 1-35
2023-07-30 14:13:08,929 INFO o.a.j.t.JMeterThread: Thread started: Groupe d'unités 1-36
2023-07-30 14:13:08,950 INFO o.a.j.t.JMeterThread: Thread started: Groupe d'unités 1-37
2023-07-30 14:13:08,970 INFO o.a.j.t.JMeterThread: Thread started: Groupe d'unités 1-38
2023-07-30 14:13:08,989 INFO o.a.j.t.JMeterThread: Thread started: Groupe d'unités 1-39
2023-07-30 14:13:09,013 INFO o.a.j.t.JMeterThread: Thread started: Groupe d'unités 1-40
2023-07-30 14:13:09,032 INFO o.a.j.t.JMeterThread: Thread started: Groupe d'unités 1-41
2023-07-30 14:13:09,053 INFO o.a.j.t.JMeterThread: Thread started: Groupe d'unités 1-42
2023-07-30 14:13:09,070 INFO o.a.j.t.JMeterThread: Thread started: Groupe d'unités 1-43
2023-07-30 14:13:09,091 INFO o.a.j.t.JMeterThread: Thread started: Groupe d'unités 1-44
2023-07-30 14:13:09,110 INFO o.a.j.t.JMeterThread: Thread started: Groupe d'unités 1-45
2023-07-30 14:13:09,130 INFO o.a.j.t.JMeterThread: Thread started: Groupe d'unités 1-46
2023-07-30 14:13:09,150 INFO o.a.j.t.JMeterThread: Thread started: Groupe d'unités 1-47
2023-07-30 14:13:09,170 INFO o.a.j.t.JMeterThread: Thread started: Groupe d'unités 1-48
2023-07-30 14:13:09,190 INFO o.a.j.t.JMeterThread: Thread started: Groupe d'unités 1-49
2023-07-30 14:13:09,210 INFO o.a.j.t.JMeterThread: Thread started: Groupe d'unités 1-50
2023-07-30 14:13:58,023 INFO o.a.j.t.JMeterThread: Thread is done: Groupe d'unités 1-3
2023-07-30 14:13:58,023 INFO o.a.j.t.JMeterThread: Thread finished: Groupe d'unités 1-3
2023-07-30 14:13:58,046 INFO o.a.j.t.JMeterThread: Thread is done: Groupe d'unités 1-1
2023-07-30 14:13:58,046 INFO o.a.j.t.JMeterThread: Thread finished: Groupe d'unités 1-1
2023-07-30 14:13:58,194 INFO o.a.j.t.JMeterThread: Thread is done: Groupe d'unités 1-29
2023-07-30 14:13:58,194 INFO o.a.j.t.JMeterThread: Thread finished: Groupe d'unités 1-29
2023-07-30 14:13:58,215 INFO o.a.j.t.JMeterThread: Thread is done: Groupe d'unités 1-8
2023-07-30 14:13:58,216 INFO o.a.j.t.JMeterThread: Thread finished: Groupe d'unités 1-8
2023-07-30 14:13:58,335 INFO o.a.j.t.JMeterThread: Thread is done: Groupe d'unités 1-10
2023-07-30 14:13:58,335 INFO o.a.j.t.JMeterThread: Thread finished: Groupe d'unités 1-10
2023-07-30 14:13:58,420 INFO o.a.j.t.JMeterThread: Thread is done: Groupe d'unités 1-21
2023-07-30 14:13:58,421 INFO o.a.j.t.JMeterThread: Thread finished: Groupe d'unités 1-21
2023-07-30 14:13:58,452 INFO o.a.j.t.JMeterThread: Thread is done: Groupe d'unités 1-4
2023-07-30 14:13:58,452 INFO o.a.j.t.JMeterThread: Thread finished: Groupe d'unités 1-4
2023-07-30 14:13:58,461 INFO o.a.j.t.JMeterThread: Thread is done: Groupe d'unités 1-38
2023-07-30 14:13:58,461 INFO o.a.j.t.JMeterThread: Thread finished: Groupe d'unités 1-38
2023-07-30 14:13:58,486 INFO o.a.j.t.JMeterThread: Thread is done: Groupe d'unités 1-7
2023-07-30 14:13:58,487 INFO o.a.j.t.JMeterThread: Thread finished: Groupe d'unités 1-7
2023-07-30 14:13:58,486 INFO o.a.j.t.JMeterThread: Thread is done: Groupe d'unités 1-19
2023-07-30 14:13:58,488 INFO o.a.j.t.JMeterThread: Thread finished: Groupe d'unités 1-19
2023-07-30 14:13:58,499 INFO o.a.j.t.JMeterThread: Thread is done: Groupe d'unités 1-30
2023-07-30 14:13:58,499 INFO o.a.j.t.JMeterThread: Thread finished: Groupe d'unités 1-30
2023-07-30 14:13:58,505 INFO o.a.j.t.JMeterThread: Thread is done: Groupe d'unités 1-2
2023-07-30 14:13:58,506 INFO o.a.j.t.JMeterThread: Thread finished: Groupe d'unités 1-2
2023-07-30 14:13:58,570 INFO o.a.j.t.JMeterThread: Thread is done: Groupe d'unités 1-17
2023-07-30 14:13:58,570 INFO o.a.j.t.JMeterThread: Thread finished: Groupe d'unités 1-17
2023-07-30 14:13:58,584 INFO o.a.j.t.JMeterThread: Thread is done: Groupe d'unités 1-9
2023-07-30 14:13:58,585 INFO o.a.j.t.JMeterThread: Thread finished: Groupe d'unités 1-9
2023-07-30 14:13:58,604 INFO o.a.j.t.JMeterThread: Thread is done: Groupe d'unités 1-6
2023-07-30 14:13:58,604 INFO o.a.j.t.JMeterThread: Thread is done: Groupe d'unités 1-11
2023-07-30 14:13:58,604 INFO o.a.j.t.JMeterThread: Thread finished: Groupe d'unités 1-6
2023-07-30 14:13:58,604 INFO o.a.j.t.JMeterThread: Thread finished: Groupe d'unités 1-11
2023-07-30 14:13:58,609 INFO o.a.j.t.JMeterThread: Thread is done: Groupe d'unités 1-15
2023-07-30 14:13:58,609 INFO o.a.j.t.JMeterThread: Thread finished: Groupe d'unités 1-15
2023-07-30 14:13:58,609 INFO o.a.j.t.JMeterThread: Thread is done: Groupe d'unités 1-12
2023-07-30 14:13:58,610 INFO o.a.j.t.JMeterThread: Thread finished: Groupe d'unités 1-12
2023-07-30 14:13:58,634 INFO o.a.j.t.JMeterThread: Thread is done: Groupe d'unités 1-36
2023-07-30 14:13:58,634 INFO o.a.j.t.JMeterThread: Thread finished: Groupe d'unités 1-36
2023-07-30 14:13:58,637 INFO o.a.j.t.JMeterThread: Thread is done: Groupe d'unités 1-32
2023-07-30 14:13:58,637 INFO o.a.j.t.JMeterThread: Thread finished: Groupe d'unités 1-32
2023-07-30 14:13:58,697 INFO o.a.j.t.JMeterThread: Thread is done: Groupe d'unités 1-35
2023-07-30 14:13:58,697 INFO o.a.j.t.JMeterThread: Thread finished: Groupe d'unités 1-35
2023-07-30 14:13:58,703 INFO o.a.j.t.JMeterThread: Thread is done: Groupe d'unités 1-33
2023-07-30 14:13:58,704 INFO o.a.j.t.JMeterThread: Thread finished: Groupe d'unités 1-33
2023-07-30 14:13:58,717 INFO o.a.j.t.JMeterThread: Thread is done: Groupe d'unités 1-23
2023-07-30 14:13:58,717 INFO o.a.j.t.JMeterThread: Thread finished: Groupe d'unités 1-23
2023-07-30 14:13:58,732 INFO o.a.j.t.JMeterThread: Thread is done: Groupe d'unités 1-27
2023-07-30 14:13:58,732 INFO o.a.j.t.JMeterThread: Thread finished: Groupe d'unités 1-27
2023-07-30 14:13:58,742 INFO o.a.j.t.JMeterThread: Thread is done: Groupe d'unités 1-18
2023-07-30 14:13:58,742 INFO o.a.j.t.JMeterThread: Thread finished: Groupe d'unités 1-18
2023-07-30 14:13:58,765 INFO o.a.j.t.JMeterThread: Thread is done: Groupe d'unités 1-13
2023-07-30 14:13:58,765 INFO o.a.j.t.JMeterThread: Thread is done: Groupe d'unités 1-14
2023-07-30 14:13:58,765 INFO o.a.j.t.JMeterThread: Thread finished: Groupe d'unités 1-13
2023-07-30 14:13:58,765 INFO o.a.j.t.JMeterThread: Thread finished: Groupe d'unités 1-14
2023-07-30 14:13:58,774 INFO o.a.j.t.JMeterThread: Thread is done: Groupe d'unités 1-31
2023-07-30 14:13:58,774 INFO o.a.j.t.JMeterThread: Thread finished: Groupe d'unités 1-31
2023-07-30 14:13:58,838 INFO o.a.j.t.JMeterThread: Thread is done: Groupe d'unités 1-22
2023-07-30 14:13:58,838 INFO o.a.j.t.JMeterThread: Thread finished: Groupe d'unités 1-22
2023-07-30 14:13:58,881 INFO o.a.j.t.JMeterThread: Thread is done: Groupe d'unités 1-48
2023-07-30 14:13:58,882 INFO o.a.j.t.JMeterThread: Thread finished: Groupe d'unités 1-48
2023-07-30 14:13:58,889 INFO o.a.j.t.JMeterThread: Thread is done: Groupe d'unités 1-5
2023-07-30 14:13:58,890 INFO o.a.j.t.JMeterThread: Thread finished: Groupe d'unités 1-5
2023-07-30 14:13:58,938 INFO o.a.j.t.JMeterThread: Thread is done: Groupe d'unités 1-25
2023-07-30 14:13:58,938 INFO o.a.j.t.JMeterThread: Thread finished: Groupe d'unités 1-25
2023-07-30 14:13:58,989 INFO o.a.j.t.JMeterThread: Thread is done: Groupe d'unités 1-20
2023-07-30 14:13:58,989 INFO o.a.j.t.JMeterThread: Thread finished: Groupe d'unités 1-20
2023-07-30 14:13:59,030 INFO o.a.j.t.JMeterThread: Thread is done: Groupe d'unités 1-26
2023-07-30 14:13:59,031 INFO o.a.j.t.JMeterThread: Thread finished: Groupe d'unités 1-26
2023-07-30 14:13:59,043 INFO o.a.j.t.JMeterThread: Thread is done: Groupe d'unités 1-49
2023-07-30 14:13:59,044 INFO o.a.j.t.JMeterThread: Thread finished: Groupe d'unités 1-49
2023-07-30 14:13:59,056 INFO o.a.j.t.JMeterThread: Thread is done: Groupe d'unités 1-34
2023-07-30 14:13:59,056 INFO o.a.j.t.JMeterThread: Thread finished: Groupe d'unités 1-34
2023-07-30 14:13:59,068 INFO o.a.j.t.JMeterThread: Thread is done: Groupe d'unités 1-24
2023-07-30 14:13:59,068 INFO o.a.j.t.JMeterThread: Thread finished: Groupe d'unités 1-24
2023-07-30 14:13:59,093 INFO o.a.j.t.JMeterThread: Thread is done: Groupe d'unités 1-42
2023-07-30 14:13:59,093 INFO o.a.j.t.JMeterThread: Thread finished: Groupe d'unités 1-42
2023-07-30 14:13:59,096 INFO o.a.j.t.JMeterThread: Thread is done: Groupe d'unités 1-37
2023-07-30 14:13:59,097 INFO o.a.j.t.JMeterThread: Thread finished: Groupe d'unités 1-37
2023-07-30 14:13:59,159 INFO o.a.j.t.JMeterThread: Thread is done: Groupe d'unités 1-45
2023-07-30 14:13:59,159 INFO o.a.j.t.JMeterThread: Thread finished: Groupe d'unités 1-45
2023-07-30 14:13:59,185 INFO o.a.j.t.JMeterThread: Thread is done: Groupe d'unités 1-39
2023-07-30 14:13:59,185 INFO o.a.j.t.JMeterThread: Thread finished: Groupe d'unités 1-39
2023-07-30 14:13:59,230 INFO o.a.j.t.JMeterThread: Thread is done: Groupe d'unités 1-16
2023-07-30 14:13:59,230 INFO o.a.j.t.JMeterThread: Thread finished: Groupe d'unités 1-16
2023-07-30 14:13:59,274 INFO o.a.j.t.JMeterThread: Thread is done: Groupe d'unités 1-41
2023-07-30 14:13:59,274 INFO o.a.j.t.JMeterThread: Thread finished: Groupe d'unités 1-41
2023-07-30 14:13:59,302 INFO o.a.j.t.JMeterThread: Thread is done: Groupe d'unités 1-46
2023-07-30 14:13:59,303 INFO o.a.j.t.JMeterThread: Thread finished: Groupe d'unités 1-46
2023-07-30 14:13:59,307 INFO o.a.j.t.JMeterThread: Thread is done: Groupe d'unités 1-50
2023-07-30 14:13:59,307 INFO o.a.j.t.JMeterThread: Thread finished: Groupe d'unités 1-50
2023-07-30 14:13:59,360 INFO o.a.j.t.JMeterThread: Thread is done: Groupe d'unités 1-43
2023-07-30 14:13:59,361 INFO o.a.j.t.JMeterThread: Thread finished: Groupe d'unités 1-43
2023-07-30 14:13:59,370 INFO o.a.j.t.JMeterThread: Thread is done: Groupe d'unités 1-40
2023-07-30 14:13:59,370 INFO o.a.j.t.JMeterThread: Thread finished: Groupe d'unités 1-40
2023-07-30 14:13:59,648 INFO o.a.j.t.JMeterThread: Thread is done: Groupe d'unités 1-28
2023-07-30 14:13:59,649 INFO o.a.j.t.JMeterThread: Thread finished: Groupe d'unités 1-28
2023-07-30 14:13:59,695 INFO o.a.j.t.JMeterThread: Thread is done: Groupe d'unités 1-47
2023-07-30 14:13:59,695 INFO o.a.j.t.JMeterThread: Thread finished: Groupe d'unités 1-47
2023-07-30 14:13:59,698 INFO o.a.j.t.JMeterThread: Thread is done: Groupe d'unités 1-44
2023-07-30 14:13:59,699 INFO o.a.j.t.JMeterThread: Thread finished: Groupe d'unités 1-44
2023-07-30 14:13:59,699 INFO o.a.j.e.StandardJMeterEngine: Notifying test listeners of end of test
2023-07-30 14:13:59,700 INFO o.a.j.g.u.JMeterMenuBar: setRunning(false, *local*)
2023-07-30 15:09:07,592 INFO o.a.j.e.StandardJMeterEngine: Running the test!
2023-07-30 15:09:07,596 INFO o.a.j.s.SampleEvent: List of sample_variables: []
2023-07-30 15:09:07,601 INFO o.a.j.g.u.JMeterMenuBar: setRunning(true, *local*)
2023-07-30 15:09:07,843 INFO o.a.j.e.StandardJMeterEngine: Starting ThreadGroup: 1 : Groupe d'unités
2023-07-30 15:09:07,844 INFO o.a.j.e.StandardJMeterEngine: Starting 50 threads for group Groupe d'unités.
2023-07-30 15:09:07,844 INFO o.a.j.e.StandardJMeterEngine: Thread will continue on error
2023-07-30 15:09:07,844 INFO o.a.j.t.ThreadGroup: Starting thread group... number=1 threads=50 ramp-up=1 delayedStart=false
2023-07-30 15:09:07,845 INFO o.a.j.t.JMeterThread: Thread started: Groupe d'unités 1-1
2023-07-30 15:09:07,865 INFO o.a.j.t.JMeterThread: Thread started: Groupe d'unités 1-2
2023-07-30 15:09:07,866 INFO o.a.j.t.ThreadGroup: Started thread group number 1
2023-07-30 15:09:07,866 INFO o.a.j.e.StandardJMeterEngine: All thread groups have been started
2023-07-30 15:09:07,885 INFO o.a.j.t.JMeterThread: Thread started: Groupe d'unités 1-3
2023-07-30 15:09:07,905 INFO o.a.j.t.JMeterThread: Thread started: Groupe d'unités 1-4
2023-07-30 15:09:07,925 INFO o.a.j.t.JMeterThread: Thread started: Groupe d'unités 1-5
2023-07-30 15:09:07,944 INFO o.a.j.t.JMeterThread: Thread started: Groupe d'unités 1-6
2023-07-30 15:09:07,965 INFO o.a.j.t.JMeterThread: Thread started: Groupe d'unités 1-7
2023-07-30 15:09:07,985 INFO o.a.j.t.JMeterThread: Thread started: Groupe d'unités 1-8
2023-07-30 15:09:08,006 INFO o.a.j.t.JMeterThread: Thread started: Groupe d'unités 1-9
2023-07-30 15:09:08,025 INFO o.a.j.t.JMeterThread: Thread started: Groupe d'unités 1-10
2023-07-30 15:09:08,045 INFO o.a.j.t.JMeterThread: Thread started: Groupe d'unités 1-11
2023-07-30 15:09:08,065 INFO o.a.j.t.JMeterThread: Thread started: Groupe d'unités 1-12
2023-07-30 15:09:08,085 INFO o.a.j.t.JMeterThread: Thread started: Groupe d'unités 1-13
2023-07-30 15:09:08,104 INFO o.a.j.t.JMeterThread: Thread started: Groupe d'unités 1-14
2023-07-30 15:09:08,125 INFO o.a.j.t.JMeterThread: Thread started: Groupe d'unités 1-15
2023-07-30 15:09:08,145 INFO o.a.j.t.JMeterThread: Thread started: Groupe d'unités 1-16
2023-07-30 15:09:08,164 INFO o.a.j.t.JMeterThread: Thread started: Groupe d'unités 1-17
2023-07-30 15:09:08,185 INFO o.a.j.t.JMeterThread: Thread started: Groupe d'unités 1-18
2023-07-30 15:09:08,205 INFO o.a.j.t.JMeterThread: Thread started: Groupe d'unités 1-19
2023-07-30 15:09:08,224 INFO o.a.j.t.JMeterThread: Thread started: Groupe d'unités 1-20
2023-07-30 15:09:08,245 INFO o.a.j.t.JMeterThread: Thread started: Groupe d'unités 1-21
2023-07-30 15:09:08,265 INFO o.a.j.t.JMeterThread: Thread started: Groupe d'unités 1-22
2023-07-30 15:09:08,285 INFO o.a.j.t.JMeterThread: Thread started: Groupe d'unités 1-23
2023-07-30 15:09:08,306 INFO o.a.j.t.JMeterThread: Thread started: Groupe d'unités 1-24
2023-07-30 15:09:08,325 INFO o.a.j.t.JMeterThread: Thread started: Groupe d'unités 1-25
2023-07-30 15:09:08,346 INFO o.a.j.t.JMeterThread: Thread started: Groupe d'unités 1-26
2023-07-30 15:09:08,366 INFO o.a.j.t.JMeterThread: Thread started: Groupe d'unités 1-27
2023-07-30 15:09:08,386 INFO o.a.j.t.JMeterThread: Thread started: Groupe d'unités 1-28
2023-07-30 15:09:08,405 INFO o.a.j.t.JMeterThread: Thread started: Groupe d'unités 1-29
2023-07-30 15:09:08,425 INFO o.a.j.t.JMeterThread: Thread started: Groupe d'unités 1-30
2023-07-30 15:09:08,446 INFO o.a.j.t.JMeterThread: Thread started: Groupe d'unités 1-31
2023-07-30 15:09:08,465 INFO o.a.j.t.JMeterThread: Thread started: Groupe d'unités 1-32
2023-07-30 15:09:08,485 INFO o.a.j.t.JMeterThread: Thread started: Groupe d'unités 1-33
2023-07-30 15:09:08,505 INFO o.a.j.t.JMeterThread: Thread started: Groupe d'unités 1-34
2023-07-30 15:09:08,525 INFO o.a.j.t.JMeterThread: Thread started: Groupe d'unités 1-35
2023-07-30 15:09:08,545 INFO o.a.j.t.JMeterThread: Thread started: Groupe d'unités 1-36
2023-07-30 15:09:08,565 INFO o.a.j.t.JMeterThread: Thread started: Groupe d'unités 1-37
2023-07-30 15:09:08,586 INFO o.a.j.t.JMeterThread: Thread started: Groupe d'unités 1-38
2023-07-30 15:09:08,605 INFO o.a.j.t.JMeterThread: Thread started: Groupe d'unités 1-39
2023-07-30 15:09:08,625 INFO o.a.j.t.JMeterThread: Thread started: Groupe d'unités 1-40
2023-07-30 15:09:08,645 INFO o.a.j.t.JMeterThread: Thread started: Groupe d'unités 1-41
2023-07-30 15:09:08,665 INFO o.a.j.t.JMeterThread: Thread started: Groupe d'unités 1-42
2023-07-30 15:09:08,685 INFO o.a.j.t.JMeterThread: Thread started: Groupe d'unités 1-43
2023-07-30 15:09:08,704 INFO o.a.j.t.JMeterThread: Thread started: Groupe d'unités 1-44
2023-07-30 15:09:08,725 INFO o.a.j.t.JMeterThread: Thread started: Groupe d'unités 1-45
2023-07-30 15:09:08,745 INFO o.a.j.t.JMeterThread: Thread started: Groupe d'unités 1-46
2023-07-30 15:09:08,764 INFO o.a.j.t.JMeterThread: Thread started: Groupe d'unités 1-47
2023-07-30 15:09:08,785 INFO o.a.j.t.JMeterThread: Thread started: Groupe d'unités 1-48
2023-07-30 15:09:08,805 INFO o.a.j.t.JMeterThread: Thread started: Groupe d'unités 1-49
2023-07-30 15:09:08,825 INFO o.a.j.t.JMeterThread: Thread started: Groupe d'unités 1-50
2023-07-30 15:09:58,169 INFO o.a.j.t.JMeterThread: Thread is done: Groupe d'unités 1-3
2023-07-30 15:09:58,169 INFO o.a.j.t.JMeterThread: Thread finished: Groupe d'unités 1-3
2023-07-30 15:09:58,345 INFO o.a.j.t.JMeterThread: Thread is done: Groupe d'unités 1-13
2023-07-30 15:09:58,346 INFO o.a.j.t.JMeterThread: Thread finished: Groupe d'unités 1-13
2023-07-30 15:09:58,447 INFO o.a.j.t.JMeterThread: Thread is done: Groupe d'unités 1-17
2023-07-30 15:09:58,447 INFO o.a.j.t.JMeterThread: Thread finished: Groupe d'unités 1-17
2023-07-30 15:09:58,480 INFO o.a.j.t.JMeterThread: Thread is done: Groupe d'unités 1-6
2023-07-30 15:09:58,480 INFO o.a.j.t.JMeterThread: Thread finished: Groupe d'unités 1-6
2023-07-30 15:09:58,488 INFO o.a.j.t.JMeterThread: Thread is done: Groupe d'unités 1-28
2023-07-30 15:09:58,489 INFO o.a.j.t.JMeterThread: Thread finished: Groupe d'unités 1-28
2023-07-30 15:09:58,513 INFO o.a.j.t.JMeterThread: Thread is done: Groupe d'unités 1-33
2023-07-30 15:09:58,513 INFO o.a.j.t.JMeterThread: Thread finished: Groupe d'unités 1-33
2023-07-30 15:09:58,519 INFO o.a.j.t.JMeterThread: Thread is done: Groupe d'unités 1-49
2023-07-30 15:09:58,519 INFO o.a.j.t.JMeterThread: Thread finished: Groupe d'unités 1-49
2023-07-30 15:09:58,549 INFO o.a.j.t.JMeterThread: Thread is done: Groupe d'unités 1-19
2023-07-30 15:09:58,549 INFO o.a.j.t.JMeterThread: Thread is done: Groupe d'unités 1-47
2023-07-30 15:09:58,549 INFO o.a.j.t.JMeterThread: Thread finished: Groupe d'unités 1-19
2023-07-30 15:09:58,549 INFO o.a.j.t.JMeterThread: Thread is done: Groupe d'unités 1-22
2023-07-30 15:09:58,550 INFO o.a.j.t.JMeterThread: Thread finished: Groupe d'unités 1-22
2023-07-30 15:09:58,550 INFO o.a.j.t.JMeterThread: Thread is done: Groupe d'unités 1-32
2023-07-30 15:09:58,550 INFO o.a.j.t.JMeterThread: Thread finished: Groupe d'unités 1-32
2023-07-30 15:09:58,549 INFO o.a.j.t.JMeterThread: Thread finished: Groupe d'unités 1-47
2023-07-30 15:09:58,558 INFO o.a.j.t.JMeterThread: Thread is done: Groupe d'unités 1-50
2023-07-30 15:09:58,558 INFO o.a.j.t.JMeterThread: Thread finished: Groupe d'unités 1-50
2023-07-30 15:09:58,566 INFO o.a.j.t.JMeterThread: Thread is done: Groupe d'unités 1-41
2023-07-30 15:09:58,566 INFO o.a.j.t.JMeterThread: Thread finished: Groupe d'unités 1-41
2023-07-30 15:09:58,646 INFO o.a.j.t.JMeterThread: Thread is done: Groupe d'unités 1-20
2023-07-30 15:09:58,647 INFO o.a.j.t.JMeterThread: Thread finished: Groupe d'unités 1-20
2023-07-30 15:09:58,654 INFO o.a.j.t.JMeterThread: Thread is done: Groupe d'unités 1-16
2023-07-30 15:09:58,654 INFO o.a.j.t.JMeterThread: Thread finished: Groupe d'unités 1-16
2023-07-30 15:09:58,687 INFO o.a.j.t.JMeterThread: Thread is done: Groupe d'unités 1-27
2023-07-30 15:09:58,687 INFO o.a.j.t.JMeterThread: Thread finished: Groupe d'unités 1-27
2023-07-30 15:09:58,705 INFO o.a.j.t.JMeterThread: Thread is done: Groupe d'unités 1-14
2023-07-30 15:09:58,705 INFO o.a.j.t.JMeterThread: Thread finished: Groupe d'unités 1-14
2023-07-30 15:09:58,744 INFO o.a.j.t.JMeterThread: Thread is done: Groupe d'unités 1-18
2023-07-30 15:09:58,744 INFO o.a.j.t.JMeterThread: Thread finished: Groupe d'unités 1-18
2023-07-30 15:09:58,760 INFO o.a.j.t.JMeterThread: Thread is done: Groupe d'unités 1-36
2023-07-30 15:09:58,761 INFO o.a.j.t.JMeterThread: Thread finished: Groupe d'unités 1-36
2023-07-30 15:09:58,769 INFO o.a.j.t.JMeterThread: Thread is done: Groupe d'unités 1-11
2023-07-30 15:09:58,769 INFO o.a.j.t.JMeterThread: Thread finished: Groupe d'unités 1-11
2023-07-30 15:09:58,770 INFO o.a.j.t.JMeterThread: Thread is done: Groupe d'unités 1-40
2023-07-30 15:09:58,771 INFO o.a.j.t.JMeterThread: Thread finished: Groupe d'unités 1-40
2023-07-30 15:09:58,788 INFO o.a.j.t.JMeterThread: Thread is done: Groupe d'unités 1-48
2023-07-30 15:09:58,788 INFO o.a.j.t.JMeterThread: Thread finished: Groupe d'unités 1-48
2023-07-30 15:09:58,804 INFO o.a.j.t.JMeterThread: Thread is done: Groupe d'unités 1-46
2023-07-30 15:09:58,805 INFO o.a.j.t.JMeterThread: Thread finished: Groupe d'unités 1-46
2023-07-30 15:09:58,815 INFO o.a.j.t.JMeterThread: Thread is done: Groupe d'unités 1-12
2023-07-30 15:09:58,815 INFO o.a.j.t.JMeterThread: Thread is done: Groupe d'unités 1-37
2023-07-30 15:09:58,815 INFO o.a.j.t.JMeterThread: Thread finished: Groupe d'unités 1-12
2023-07-30 15:09:58,815 INFO o.a.j.t.JMeterThread: Thread finished: Groupe d'unités 1-37
2023-07-30 15:09:58,824 INFO o.a.j.t.JMeterThread: Thread is done: Groupe d'unités 1-23
2023-07-30 15:09:58,824 INFO o.a.j.t.JMeterThread: Thread is done: Groupe d'unités 1-2
2023-07-30 15:09:58,824 INFO o.a.j.t.JMeterThread: Thread finished: Groupe d'unités 1-23
2023-07-30 15:09:58,824 INFO o.a.j.t.JMeterThread: Thread finished: Groupe d'unités 1-2
2023-07-30 15:09:58,830 INFO o.a.j.t.JMeterThread: Thread is done: Groupe d'unités 1-1
2023-07-30 15:09:58,830 INFO o.a.j.t.JMeterThread: Thread finished: Groupe d'unités 1-1
2023-07-30 15:09:58,831 INFO o.a.j.t.JMeterThread: Thread is done: Groupe d'unités 1-42
2023-07-30 15:09:58,831 INFO o.a.j.t.JMeterThread: Thread finished: Groupe d'unités 1-42
2023-07-30 15:09:58,838 INFO o.a.j.t.JMeterThread: Thread is done: Groupe d'unités 1-39
2023-07-30 15:09:58,838 INFO o.a.j.t.JMeterThread: Thread finished: Groupe d'unités 1-39
2023-07-30 15:09:58,855 INFO o.a.j.t.JMeterThread: Thread is done: Groupe d'unités 1-4
2023-07-30 15:09:58,855 INFO o.a.j.t.JMeterThread: Thread finished: Groupe d'unités 1-4
2023-07-30 15:09:58,890 INFO o.a.j.t.JMeterThread: Thread is done: Groupe d'unités 1-15
2023-07-30 15:09:58,890 INFO o.a.j.t.JMeterThread: Thread finished: Groupe d'unités 1-15
2023-07-30 15:09:58,897 INFO o.a.j.t.JMeterThread: Thread is done: Groupe d'unités 1-8
2023-07-30 15:09:58,897 INFO o.a.j.t.JMeterThread: Thread finished: Groupe d'unités 1-8
2023-07-30 15:09:58,913 INFO o.a.j.t.JMeterThread: Thread is done: Groupe d'unités 1-34
2023-07-30 15:09:58,913 INFO o.a.j.t.JMeterThread: Thread finished: Groupe d'unités 1-34
2023-07-30 15:09:58,916 INFO o.a.j.t.JMeterThread: Thread is done: Groupe d'unités 1-21
2023-07-30 15:09:58,916 INFO o.a.j.t.JMeterThread: Thread finished: Groupe d'unités 1-21
2023-07-30 15:09:58,936 INFO o.a.j.t.JMeterThread: Thread is done: Groupe d'unités 1-7
2023-07-30 15:09:58,936 INFO o.a.j.t.JMeterThread: Thread is done: Groupe d'unités 1-31
2023-07-30 15:09:58,936 INFO o.a.j.t.JMeterThread: Thread finished: Groupe d'unités 1-7
2023-07-30 15:09:58,937 INFO o.a.j.t.JMeterThread: Thread finished: Groupe d'unités 1-31
2023-07-30 15:09:59,010 INFO o.a.j.t.JMeterThread: Thread is done: Groupe d'unités 1-30
2023-07-30 15:09:59,011 INFO o.a.j.t.JMeterThread: Thread finished: Groupe d'unités 1-30
2023-07-30 15:09:59,028 INFO o.a.j.t.JMeterThread: Thread is done: Groupe d'unités 1-9
2023-07-30 15:09:59,028 INFO o.a.j.t.JMeterThread: Thread finished: Groupe d'unités 1-9
2023-07-30 15:09:59,069 INFO o.a.j.t.JMeterThread: Thread is done: Groupe d'unités 1-25
2023-07-30 15:09:59,069 INFO o.a.j.t.JMeterThread: Thread finished: Groupe d'unités 1-25
2023-07-30 15:09:59,074 INFO o.a.j.t.JMeterThread: Thread is done: Groupe d'unités 1-26
2023-07-30 15:09:59,074 INFO o.a.j.t.JMeterThread: Thread finished: Groupe d'unités 1-26
2023-07-30 15:09:59,096 INFO o.a.j.t.JMeterThread: Thread is done: Groupe d'unités 1-45
2023-07-30 15:09:59,096 INFO o.a.j.t.JMeterThread: Thread finished: Groupe d'unités 1-45
2023-07-30 15:09:59,104 INFO o.a.j.t.JMeterThread: Thread is done: Groupe d'unités 1-35
2023-07-30 15:09:59,104 INFO o.a.j.t.JMeterThread: Thread finished: Groupe d'unités 1-35
2023-07-30 15:09:59,137 INFO o.a.j.t.JMeterThread: Thread is done: Groupe d'unités 1-43
2023-07-30 15:09:59,137 INFO o.a.j.t.JMeterThread: Thread finished: Groupe d'unités 1-43
2023-07-30 15:09:59,156 INFO o.a.j.t.JMeterThread: Thread is done: Groupe d'unités 1-29
2023-07-30 15:09:59,156 INFO o.a.j.t.JMeterThread: Thread finished: Groupe d'unités 1-29
2023-07-30 15:09:59,178 INFO o.a.j.t.JMeterThread: Thread is done: Groupe d'unités 1-10
2023-07-30 15:09:59,179 INFO o.a.j.t.JMeterThread: Thread finished: Groupe d'unités 1-10
2023-07-30 15:09:59,191 INFO o.a.j.t.JMeterThread: Thread is done: Groupe d'unités 1-24
2023-07-30 15:09:59,191 INFO o.a.j.t.JMeterThread: Thread finished: Groupe d'unités 1-24
2023-07-30 15:09:59,199 INFO o.a.j.t.JMeterThread: Thread is done: Groupe d'unités 1-38
2023-07-30 15:09:59,199 INFO o.a.j.t.JMeterThread: Thread finished: Groupe d'unités 1-38
2023-07-30 15:09:59,215 INFO o.a.j.t.JMeterThread: Thread is done: Groupe d'unités 1-5
2023-07-30 15:09:59,216 INFO o.a.j.t.JMeterThread: Thread finished: Groupe d'unités 1-5
2023-07-30 15:09:59,291 INFO o.a.j.t.JMeterThread: Thread is done: Groupe d'unités 1-44
2023-07-30 15:09:59,291 INFO o.a.j.t.JMeterThread: Thread finished: Groupe d'unités 1-44
2023-07-30 15:09:59,291 INFO o.a.j.e.StandardJMeterEngine: Notifying test listeners of end of test
2023-07-30 15:09:59,292 INFO o.a.j.g.u.JMeterMenuBar: setRunning(false, *local*)
2023-07-30 15:13:02,589 INFO o.a.j.e.StandardJMeterEngine: Running the test!
2023-07-30 15:13:02,590 INFO o.a.j.s.SampleEvent: List of sample_variables: []
2023-07-30 15:13:02,594 INFO o.a.j.g.u.JMeterMenuBar: setRunning(true, *local*)
2023-07-30 15:13:02,596 INFO o.a.j.e.StandardJMeterEngine: Starting ThreadGroup: 1 : Groupe d'unités
2023-07-30 15:13:02,596 INFO o.a.j.e.StandardJMeterEngine: Starting 50 threads for group Groupe d'unités.
2023-07-30 15:13:02,596 INFO o.a.j.e.StandardJMeterEngine: Thread will continue on error
2023-07-30 15:13:02,597 INFO o.a.j.t.ThreadGroup: Starting thread group... number=1 threads=50 ramp-up=1 delayedStart=false
2023-07-30 15:13:02,605 INFO o.a.j.t.JMeterThread: Thread started: Groupe d'unités 1-1
2023-07-30 15:13:02,625 INFO o.a.j.t.JMeterThread: Thread started: Groupe d'unités 1-2
2023-07-30 15:13:02,639 INFO o.a.j.t.JMeterThread: Thread started: Groupe d'unités 1-3
2023-07-30 15:13:02,652 INFO o.a.j.t.ThreadGroup: Started thread group number 1
2023-07-30 15:13:02,652 INFO o.a.j.e.StandardJMeterEngine: All thread groups have been started
2023-07-30 15:13:02,659 INFO o.a.j.t.JMeterThread: Thread started: Groupe d'unités 1-4
2023-07-30 15:13:02,679 INFO o.a.j.t.JMeterThread: Thread started: Groupe d'unités 1-5
2023-07-30 15:13:02,699 INFO o.a.j.t.JMeterThread: Thread started: Groupe d'unités 1-6
2023-07-30 15:13:02,719 INFO o.a.j.t.JMeterThread: Thread started: Groupe d'unités 1-7
2023-07-30 15:13:02,739 INFO o.a.j.t.JMeterThread: Thread started: Groupe d'unités 1-8
2023-07-30 15:13:02,759 INFO o.a.j.t.JMeterThread: Thread started: Groupe d'unités 1-9
2023-07-30 15:13:02,778 INFO o.a.j.t.JMeterThread: Thread started: Groupe d'unités 1-10
2023-07-30 15:13:02,798 INFO o.a.j.t.JMeterThread: Thread started: Groupe d'unités 1-11
2023-07-30 15:13:02,819 INFO o.a.j.t.JMeterThread: Thread started: Groupe d'unités 1-12
2023-07-30 15:13:02,839 INFO o.a.j.t.JMeterThread: Thread started: Groupe d'unités 1-13
2023-07-30 15:13:02,859 INFO o.a.j.t.JMeterThread: Thread started: Groupe d'unités 1-14
2023-07-30 15:13:02,878 INFO o.a.j.t.JMeterThread: Thread started: Groupe d'unités 1-15
2023-07-30 15:13:02,898 INFO o.a.j.t.JMeterThread: Thread started: Groupe d'unités 1-16
2023-07-30 15:13:02,918 INFO o.a.j.t.JMeterThread: Thread started: Groupe d'unités 1-17
2023-07-30 15:13:02,939 INFO o.a.j.t.JMeterThread: Thread started: Groupe d'unités 1-18
2023-07-30 15:13:02,959 INFO o.a.j.t.JMeterThread: Thread started: Groupe d'unités 1-19
2023-07-30 15:13:02,979 INFO o.a.j.t.JMeterThread: Thread started: Groupe d'unités 1-20
2023-07-30 15:13:02,999 INFO o.a.j.t.JMeterThread: Thread started: Groupe d'unités 1-21
2023-07-30 15:13:03,019 INFO o.a.j.t.JMeterThread: Thread started: Groupe d'unités 1-22
2023-07-30 15:13:03,039 INFO o.a.j.t.JMeterThread: Thread started: Groupe d'unités 1-23
2023-07-30 15:13:03,059 INFO o.a.j.t.JMeterThread: Thread started: Groupe d'unités 1-24
2023-07-30 15:13:03,079 INFO o.a.j.t.JMeterThread: Thread started: Groupe d'unités 1-25
2023-07-30 15:13:03,099 INFO o.a.j.t.JMeterThread: Thread started: Groupe d'unités 1-26
2023-07-30 15:13:03,118 INFO o.a.j.t.JMeterThread: Thread started: Groupe d'unités 1-27
2023-07-30 15:13:03,138 INFO o.a.j.t.JMeterThread: Thread started: Groupe d'unités 1-28
2023-07-30 15:13:03,158 INFO o.a.j.t.JMeterThread: Thread started: Groupe d'unités 1-29
2023-07-30 15:13:03,178 INFO o.a.j.t.JMeterThread: Thread started: Groupe d'unités 1-30
2023-07-30 15:13:03,198 INFO o.a.j.t.JMeterThread: Thread started: Groupe d'unités 1-31
2023-07-30 15:13:03,218 INFO o.a.j.t.JMeterThread: Thread started: Groupe d'unités 1-32
2023-07-30 15:13:03,239 INFO o.a.j.t.JMeterThread: Thread started: Groupe d'unités 1-33
2023-07-30 15:13:03,258 INFO o.a.j.t.JMeterThread: Thread started: Groupe d'unités 1-34
2023-07-30 15:13:03,279 INFO o.a.j.t.JMeterThread: Thread started: Groupe d'unités 1-35
2023-07-30 15:13:03,298 INFO o.a.j.t.JMeterThread: Thread started: Groupe d'unités 1-36
2023-07-30 15:13:03,318 INFO o.a.j.t.JMeterThread: Thread started: Groupe d'unités 1-37
2023-07-30 15:13:03,338 INFO o.a.j.t.JMeterThread: Thread started: Groupe d'unités 1-38
2023-07-30 15:13:03,358 INFO o.a.j.t.JMeterThread: Thread started: Groupe d'unités 1-39
2023-07-30 15:13:03,380 INFO o.a.j.t.JMeterThread: Thread started: Groupe d'unités 1-40
2023-07-30 15:13:03,399 INFO o.a.j.t.JMeterThread: Thread started: Groupe d'unités 1-41
2023-07-30 15:13:03,419 INFO o.a.j.t.JMeterThread: Thread started: Groupe d'unités 1-42
2023-07-30 15:13:03,439 INFO o.a.j.t.JMeterThread: Thread started: Groupe d'unités 1-43
2023-07-30 15:13:03,459 INFO o.a.j.t.JMeterThread: Thread started: Groupe d'unités 1-44
2023-07-30 15:13:03,478 INFO o.a.j.t.JMeterThread: Thread started: Groupe d'unités 1-45
2023-07-30 15:13:03,498 INFO o.a.j.t.JMeterThread: Thread started: Groupe d'unités 1-46
2023-07-30 15:13:03,519 INFO o.a.j.t.JMeterThread: Thread started: Groupe d'unités 1-47
2023-07-30 15:13:03,539 INFO o.a.j.t.JMeterThread: Thread started: Groupe d'unités 1-48
2023-07-30 15:13:03,559 INFO o.a.j.t.JMeterThread: Thread started: Groupe d'unités 1-49
2023-07-30 15:13:03,579 INFO o.a.j.t.JMeterThread: Thread started: Groupe d'unités 1-50
2023-07-30 15:13:53,213 INFO o.a.j.t.JMeterThread: Thread is done: Groupe d'unités 1-22
2023-07-30 15:13:53,213 INFO o.a.j.t.JMeterThread: Thread finished: Groupe d'unités 1-22
2023-07-30 15:13:53,251 INFO o.a.j.t.JMeterThread: Thread is done: Groupe d'unités 1-4
2023-07-30 15:13:53,251 INFO o.a.j.t.JMeterThread: Thread finished: Groupe d'unités 1-4
2023-07-30 15:13:53,310 INFO o.a.j.t.JMeterThread: Thread is done: Groupe d'unités 1-48
2023-07-30 15:13:53,310 INFO o.a.j.t.JMeterThread: Thread finished: Groupe d'unités 1-48
2023-07-30 15:13:53,321 INFO o.a.j.t.JMeterThread: Thread is done: Groupe d'unités 1-28
2023-07-30 15:13:53,321 INFO o.a.j.t.JMeterThread: Thread finished: Groupe d'unités 1-28
2023-07-30 15:13:53,495 INFO o.a.j.t.JMeterThread: Thread is done: Groupe d'unités 1-2
2023-07-30 15:13:53,495 INFO o.a.j.t.JMeterThread: Thread finished: Groupe d'unités 1-2
2023-07-30 15:13:53,501 INFO o.a.j.t.JMeterThread: Thread is done: Groupe d'unités 1-13
2023-07-30 15:13:53,501 INFO o.a.j.t.JMeterThread: Thread finished: Groupe d'unités 1-13
2023-07-30 15:13:53,553 INFO o.a.j.t.JMeterThread: Thread is done: Groupe d'unités 1-14
2023-07-30 15:13:53,553 INFO o.a.j.t.JMeterThread: Thread finished: Groupe d'unités 1-14
2023-07-30 15:13:53,586 INFO o.a.j.t.JMeterThread: Thread is done: Groupe d'unités 1-33
2023-07-30 15:13:53,587 INFO o.a.j.t.JMeterThread: Thread finished: Groupe d'unités 1-33
2023-07-30 15:13:53,600 INFO o.a.j.t.JMeterThread: Thread is done: Groupe d'unités 1-42
2023-07-30 15:13:53,600 INFO o.a.j.t.JMeterThread: Thread finished: Groupe d'unités 1-42
2023-07-30 15:13:53,615 INFO o.a.j.t.JMeterThread: Thread is done: Groupe d'unités 1-18
2023-07-30 15:13:53,615 INFO o.a.j.t.JMeterThread: Thread finished: Groupe d'unités 1-18
2023-07-30 15:13:53,619 INFO o.a.j.t.JMeterThread: Thread is done: Groupe d'unités 1-3
2023-07-30 15:13:53,619 INFO o.a.j.t.JMeterThread: Thread finished: Groupe d'unités 1-3
2023-07-30 15:13:53,638 INFO o.a.j.t.JMeterThread: Thread is done: Groupe d'unités 1-23
2023-07-30 15:13:53,638 INFO o.a.j.t.JMeterThread: Thread finished: Groupe d'unités 1-23
2023-07-30 15:13:53,645 INFO o.a.j.t.JMeterThread: Thread is done: Groupe d'unités 1-15
2023-07-30 15:13:53,646 INFO o.a.j.t.JMeterThread: Thread finished: Groupe d'unités 1-15
2023-07-30 15:13:53,648 INFO o.a.j.t.JMeterThread: Thread is done: Groupe d'unités 1-5
2023-07-30 15:13:53,649 INFO o.a.j.t.JMeterThread: Thread finished: Groupe d'unités 1-5
2023-07-30 15:13:53,655 INFO o.a.j.t.JMeterThread: Thread is done: Groupe d'unités 1-34
2023-07-30 15:13:53,655 INFO o.a.j.t.JMeterThread: Thread finished: Groupe d'unités 1-34
2023-07-30 15:13:53,668 INFO o.a.j.t.JMeterThread: Thread is done: Groupe d'unités 1-10
2023-07-30 15:13:53,668 INFO o.a.j.t.JMeterThread: Thread finished: Groupe d'unités 1-10
2023-07-30 15:13:53,675 INFO o.a.j.t.JMeterThread: Thread is done: Groupe d'unités 1-32
2023-07-30 15:13:53,675 INFO o.a.j.t.JMeterThread: Thread finished: Groupe d'unités 1-32
2023-07-30 15:13:53,688 INFO o.a.j.t.JMeterThread: Thread is done: Groupe d'unités 1-36
2023-07-30 15:13:53,688 INFO o.a.j.t.JMeterThread: Thread finished: Groupe d'unités 1-36
2023-07-30 15:13:53,709 INFO o.a.j.t.JMeterThread: Thread is done: Groupe d'unités 1-27
2023-07-30 15:13:53,709 INFO o.a.j.t.JMeterThread: Thread is done: Groupe d'unités 1-37
2023-07-30 15:13:53,709 INFO o.a.j.t.JMeterThread: Thread is done: Groupe d'unités 1-8
2023-07-30 15:13:53,709 INFO o.a.j.t.JMeterThread: Thread finished: Groupe d'unités 1-27
2023-07-30 15:13:53,709 INFO o.a.j.t.JMeterThread: Thread finished: Groupe d'unités 1-37
2023-07-30 15:13:53,710 INFO o.a.j.t.JMeterThread: Thread finished: Groupe d'unités 1-8
2023-07-30 15:13:53,714 INFO o.a.j.t.JMeterThread: Thread is done: Groupe d'unités 1-49
2023-07-30 15:13:53,714 INFO o.a.j.t.JMeterThread: Thread finished: Groupe d'unités 1-49
2023-07-30 15:13:53,759 INFO o.a.j.t.JMeterThread: Thread is done: Groupe d'unités 1-21
2023-07-30 15:13:53,759 INFO o.a.j.t.JMeterThread: Thread is done: Groupe d'unités 1-9
2023-07-30 15:13:53,760 INFO o.a.j.t.JMeterThread: Thread finished: Groupe d'unités 1-21
2023-07-30 15:13:53,760 INFO o.a.j.t.JMeterThread: Thread finished: Groupe d'unités 1-9
2023-07-30 15:13:53,764 INFO o.a.j.t.JMeterThread: Thread is done: Groupe d'unités 1-25
2023-07-30 15:13:53,764 INFO o.a.j.t.JMeterThread: Thread finished: Groupe d'unités 1-25
2023-07-30 15:13:53,769 INFO o.a.j.t.JMeterThread: Thread is done: Groupe d'unités 1-46
2023-07-30 15:13:53,770 INFO o.a.j.t.JMeterThread: Thread finished: Groupe d'unités 1-46
2023-07-30 15:13:53,773 INFO o.a.j.t.JMeterThread: Thread is done: Groupe d'unités 1-43
2023-07-30 15:13:53,773 INFO o.a.j.t.JMeterThread: Thread finished: Groupe d'unités 1-43
2023-07-30 15:13:53,816 INFO o.a.j.t.JMeterThread: Thread is done: Groupe d'unités 1-40
2023-07-30 15:13:53,816 INFO o.a.j.t.JMeterThread: Thread finished: Groupe d'unités 1-40
2023-07-30 15:13:53,841 INFO o.a.j.t.JMeterThread: Thread is done: Groupe d'unités 1-38
2023-07-30 15:13:53,841 INFO o.a.j.t.JMeterThread: Thread finished: Groupe d'unités 1-38
2023-07-30 15:13:53,861 INFO o.a.j.t.JMeterThread: Thread is done: Groupe d'unités 1-1
2023-07-30 15:13:53,861 INFO o.a.j.t.JMeterThread: Thread finished: Groupe d'unités 1-1
2023-07-30 15:13:53,861 INFO o.a.j.t.JMeterThread: Thread is done: Groupe d'unités 1-12
2023-07-30 15:13:53,861 INFO o.a.j.t.JMeterThread: Thread finished: Groupe d'unités 1-12
2023-07-30 15:13:53,907 INFO o.a.j.t.JMeterThread: Thread is done: Groupe d'unités 1-20
2023-07-30 15:13:53,907 INFO o.a.j.t.JMeterThread: Thread finished: Groupe d'unités 1-20
2023-07-30 15:13:53,952 INFO o.a.j.t.JMeterThread: Thread is done: Groupe d'unités 1-26
2023-07-30 15:13:53,952 INFO o.a.j.t.JMeterThread: Thread finished: Groupe d'unités 1-26
2023-07-30 15:13:53,952 INFO o.a.j.t.JMeterThread: Thread is done: Groupe d'unités 1-11
2023-07-30 15:13:53,953 INFO o.a.j.t.JMeterThread: Thread finished: Groupe d'unités 1-11
2023-07-30 15:13:53,953 INFO o.a.j.t.JMeterThread: Thread is done: Groupe d'unités 1-44
2023-07-30 15:13:53,953 INFO o.a.j.t.JMeterThread: Thread finished: Groupe d'unités 1-44
2023-07-30 15:13:53,958 INFO o.a.j.t.JMeterThread: Thread is done: Groupe d'unités 1-29
2023-07-30 15:13:53,959 INFO o.a.j.t.JMeterThread: Thread finished: Groupe d'unités 1-29
2023-07-30 15:13:53,968 INFO o.a.j.t.JMeterThread: Thread is done: Groupe d'unités 1-19
2023-07-30 15:13:53,968 INFO o.a.j.t.JMeterThread: Thread finished: Groupe d'unités 1-19
2023-07-30 15:13:53,987 INFO o.a.j.t.JMeterThread: Thread is done: Groupe d'unités 1-47
2023-07-30 15:13:53,987 INFO o.a.j.t.JMeterThread: Thread finished: Groupe d'unités 1-47
2023-07-30 15:13:54,084 INFO o.a.j.t.JMeterThread: Thread is done: Groupe d'unités 1-16
2023-07-30 15:13:54,084 INFO o.a.j.t.JMeterThread: Thread finished: Groupe d'unités 1-16
2023-07-30 15:13:54,086 INFO o.a.j.t.JMeterThread: Thread is done: Groupe d'unités 1-30
2023-07-30 15:13:54,086 INFO o.a.j.t.JMeterThread: Thread finished: Groupe d'unités 1-30
2023-07-30 15:13:54,099 INFO o.a.j.t.JMeterThread: Thread is done: Groupe d'unités 1-17
2023-07-30 15:13:54,100 INFO o.a.j.t.JMeterThread: Thread finished: Groupe d'unités 1-17
2023-07-30 15:13:54,140 INFO o.a.j.t.JMeterThread: Thread is done: Groupe d'unités 1-24
2023-07-30 15:13:54,141 INFO o.a.j.t.JMeterThread: Thread finished: Groupe d'unités 1-24
2023-07-30 15:13:54,154 INFO o.a.j.t.JMeterThread: Thread is done: Groupe d'unités 1-50
2023-07-30 15:13:54,155 INFO o.a.j.t.JMeterThread: Thread finished: Groupe d'unités 1-50
2023-07-30 15:13:54,158 INFO o.a.j.t.JMeterThread: Thread is done: Groupe d'unités 1-35
2023-07-30 15:13:54,158 INFO o.a.j.t.JMeterThread: Thread finished: Groupe d'unités 1-35
2023-07-30 15:13:54,193 INFO o.a.j.t.JMeterThread: Thread is done: Groupe d'unités 1-7
2023-07-30 15:13:54,193 INFO o.a.j.t.JMeterThread: Thread finished: Groupe d'unités 1-7
2023-07-30 15:13:54,226 INFO o.a.j.t.JMeterThread: Thread is done: Groupe d'unités 1-39
2023-07-30 15:13:54,226 INFO o.a.j.t.JMeterThread: Thread finished: Groupe d'unités 1-39
2023-07-30 15:13:54,238 INFO o.a.j.t.JMeterThread: Thread is done: Groupe d'unités 1-31
2023-07-30 15:13:54,238 INFO o.a.j.t.JMeterThread: Thread finished: Groupe d'unités 1-31
2023-07-30 15:13:54,353 INFO o.a.j.t.JMeterThread: Thread is done: Groupe d'unités 1-41
2023-07-30 15:13:54,353 INFO o.a.j.t.JMeterThread: Thread finished: Groupe d'unités 1-41
2023-07-30 15:13:54,401 INFO o.a.j.t.JMeterThread: Thread is done: Groupe d'unités 1-6
2023-07-30 15:13:54,401 INFO o.a.j.t.JMeterThread: Thread finished: Groupe d'unités 1-6
2023-07-30 15:13:54,506 INFO o.a.j.t.JMeterThread: Thread is done: Groupe d'unités 1-45
2023-07-30 15:13:54,506 INFO o.a.j.t.JMeterThread: Thread finished: Groupe d'unités 1-45
2023-07-30 15:13:54,506 INFO o.a.j.e.StandardJMeterEngine: Notifying test listeners of end of test
2023-07-30 15:13:54,506 INFO o.a.j.g.u.JMeterMenuBar: setRunning(false, *local*)
2023-07-30 15:36:44,767 INFO o.a.j.e.StandardJMeterEngine: Running the test!
2023-07-30 15:36:44,768 INFO o.a.j.s.SampleEvent: List of sample_variables: []
2023-07-30 15:36:44,770 INFO o.a.j.g.u.JMeterMenuBar: setRunning(true, *local*)
2023-07-30 15:36:44,775 INFO o.a.j.e.StandardJMeterEngine: Starting ThreadGroup: 1 : Groupe d'unités
2023-07-30 15:36:44,775 INFO o.a.j.e.StandardJMeterEngine: Starting 50 threads for group Groupe d'unités.
2023-07-30 15:36:44,775 INFO o.a.j.e.StandardJMeterEngine: Thread will continue on error
2023-07-30 15:36:44,775 INFO o.a.j.t.ThreadGroup: Starting thread group... number=1 threads=50 ramp-up=1 delayedStart=false
2023-07-30 15:36:44,776 INFO o.a.j.t.JMeterThread: Thread started: Groupe d'unités 1-1
2023-07-30 15:36:44,787 INFO o.a.j.t.ThreadGroup: Started thread group number 1
2023-07-30 15:36:44,787 INFO o.a.j.e.StandardJMeterEngine: All thread groups have been started
2023-07-30 15:36:44,796 INFO o.a.j.t.JMeterThread: Thread started: Groupe d'unités 1-2
2023-07-30 15:36:44,815 INFO o.a.j.t.JMeterThread: Thread started: Groupe d'unités 1-3
2023-07-30 15:36:44,836 INFO o.a.j.t.JMeterThread: Thread started: Groupe d'unités 1-4
2023-07-30 15:36:44,856 INFO o.a.j.t.JMeterThread: Thread started: Groupe d'unités 1-5
2023-07-30 15:36:44,875 INFO o.a.j.t.JMeterThread: Thread started: Groupe d'unités 1-6
2023-07-30 15:36:44,895 INFO o.a.j.t.JMeterThread: Thread started: Groupe d'unités 1-7
2023-07-30 15:36:44,916 INFO o.a.j.t.JMeterThread: Thread started: Groupe d'unités 1-8
2023-07-30 15:36:44,936 INFO o.a.j.t.JMeterThread: Thread started: Groupe d'unités 1-9
2023-07-30 15:36:44,955 INFO o.a.j.t.JMeterThread: Thread started: Groupe d'unités 1-10
2023-07-30 15:36:44,975 INFO o.a.j.t.JMeterThread: Thread started: Groupe d'unités 1-11
2023-07-30 15:36:44,996 INFO o.a.j.t.JMeterThread: Thread started: Groupe d'unités 1-12
2023-07-30 15:36:45,016 INFO o.a.j.t.JMeterThread: Thread started: Groupe d'unités 1-13
2023-07-30 15:36:45,036 INFO o.a.j.t.JMeterThread: Thread started: Groupe d'unités 1-14
2023-07-30 15:36:45,055 INFO o.a.j.t.JMeterThread: Thread started: Groupe d'unités 1-15
2023-07-30 15:36:45,075 INFO o.a.j.t.JMeterThread: Thread started: Groupe d'unités 1-16
2023-07-30 15:36:45,095 INFO o.a.j.t.JMeterThread: Thread started: Groupe d'unités 1-17
2023-07-30 15:36:45,116 INFO o.a.j.t.JMeterThread: Thread started: Groupe d'unités 1-18
2023-07-30 15:36:45,136 INFO o.a.j.t.JMeterThread: Thread started: Groupe d'unités 1-19
2023-07-30 15:36:45,156 INFO o.a.j.t.JMeterThread: Thread started: Groupe d'unités 1-20
2023-07-30 15:36:45,175 INFO o.a.j.t.JMeterThread: Thread started: Groupe d'unités 1-21
2023-07-30 15:36:45,195 INFO o.a.j.t.JMeterThread: Thread started: Groupe d'unités 1-22
2023-07-30 15:36:45,216 INFO o.a.j.t.JMeterThread: Thread started: Groupe d'unités 1-23
2023-07-30 15:36:45,236 INFO o.a.j.t.JMeterThread: Thread started: Groupe d'unités 1-24
2023-07-30 15:36:45,255 INFO o.a.j.t.JMeterThread: Thread started: Groupe d'unités 1-25
2023-07-30 15:36:45,275 INFO o.a.j.t.JMeterThread: Thread started: Groupe d'unités 1-26
2023-07-30 15:36:45,295 INFO o.a.j.t.JMeterThread: Thread started: Groupe d'unités 1-27
2023-07-30 15:36:45,316 INFO o.a.j.t.JMeterThread: Thread started: Groupe d'unités 1-28
2023-07-30 15:36:45,336 INFO o.a.j.t.JMeterThread: Thread started: Groupe d'unités 1-29
2023-07-30 15:36:45,356 INFO o.a.j.t.JMeterThread: Thread started: Groupe d'unités 1-30
2023-07-30 15:36:45,375 INFO o.a.j.t.JMeterThread: Thread started: Groupe d'unités 1-31
2023-07-30 15:36:45,395 INFO o.a.j.t.JMeterThread: Thread started: Groupe d'unités 1-32
2023-07-30 15:36:45,415 INFO o.a.j.t.JMeterThread: Thread started: Groupe d'unités 1-33
2023-07-30 15:36:45,436 INFO o.a.j.t.JMeterThread: Thread started: Groupe d'unités 1-34
2023-07-30 15:36:45,456 INFO o.a.j.t.JMeterThread: Thread started: Groupe d'unités 1-35
2023-07-30 15:36:45,475 INFO o.a.j.t.JMeterThread: Thread started: Groupe d'unités 1-36
2023-07-30 15:36:45,495 INFO o.a.j.t.JMeterThread: Thread started: Groupe d'unités 1-37
2023-07-30 15:36:45,516 INFO o.a.j.t.JMeterThread: Thread started: Groupe d'unités 1-38
2023-07-30 15:36:45,535 INFO o.a.j.t.JMeterThread: Thread started: Groupe d'unités 1-39
2023-07-30 15:36:45,556 INFO o.a.j.t.JMeterThread: Thread started: Groupe d'unités 1-40
2023-07-30 15:36:45,576 INFO o.a.j.t.JMeterThread: Thread started: Groupe d'unités 1-41
2023-07-30 15:36:45,595 INFO o.a.j.t.JMeterThread: Thread started: Groupe d'unités 1-42
2023-07-30 15:36:45,616 INFO o.a.j.t.JMeterThread: Thread started: Groupe d'unités 1-43
2023-07-30 15:36:45,636 INFO o.a.j.t.JMeterThread: Thread started: Groupe d'unités 1-44
2023-07-30 15:36:45,656 INFO o.a.j.t.JMeterThread: Thread started: Groupe d'unités 1-45
2023-07-30 15:36:45,675 INFO o.a.j.t.JMeterThread: Thread started: Groupe d'unités 1-46
2023-07-30 15:36:45,696 INFO o.a.j.t.JMeterThread: Thread started: Groupe d'unités 1-47
2023-07-30 15:36:45,716 INFO o.a.j.t.JMeterThread: Thread started: Groupe d'unités 1-48
2023-07-30 15:36:45,736 INFO o.a.j.t.JMeterThread: Thread started: Groupe d'unités 1-49
2023-07-30 15:36:45,755 INFO o.a.j.t.JMeterThread: Thread started: Groupe d'unités 1-50
2023-07-30 15:37:34,390 INFO o.a.j.t.JMeterThread: Thread is done: Groupe d'unités 1-19
2023-07-30 15:37:34,391 INFO o.a.j.t.JMeterThread: Thread finished: Groupe d'unités 1-19
2023-07-30 15:37:34,537 INFO o.a.j.t.JMeterThread: Thread is done: Groupe d'unités 1-13
2023-07-30 15:37:34,537 INFO o.a.j.t.JMeterThread: Thread finished: Groupe d'unités 1-13
2023-07-30 15:37:34,725 INFO o.a.j.t.JMeterThread: Thread is done: Groupe d'unités 1-18
2023-07-30 15:37:34,725 INFO o.a.j.t.JMeterThread: Thread finished: Groupe d'unités 1-18
2023-07-30 15:37:34,796 INFO o.a.j.t.JMeterThread: Thread is done: Groupe d'unités 1-15
2023-07-30 15:37:34,796 INFO o.a.j.t.JMeterThread: Thread finished: Groupe d'unités 1-15
2023-07-30 15:37:34,851 INFO o.a.j.t.JMeterThread: Thread is done: Groupe d'unités 1-2
2023-07-30 15:37:34,852 INFO o.a.j.t.JMeterThread: Thread finished: Groupe d'unités 1-2
2023-07-30 15:37:34,860 INFO o.a.j.t.JMeterThread: Thread is done: Groupe d'unités 1-8
2023-07-30 15:37:34,861 INFO o.a.j.t.JMeterThread: Thread finished: Groupe d'unités 1-8
2023-07-30 15:37:34,983 INFO o.a.j.t.JMeterThread: Thread is done: Groupe d'unités 1-1
2023-07-30 15:37:34,984 INFO o.a.j.t.JMeterThread: Thread finished: Groupe d'unités 1-1
2023-07-30 15:37:35,036 INFO o.a.j.t.JMeterThread: Thread is done: Groupe d'unités 1-25
2023-07-30 15:37:35,037 INFO o.a.j.t.JMeterThread: Thread finished: Groupe d'unités 1-25
2023-07-30 15:37:35,071 INFO o.a.j.t.JMeterThread: Thread is done: Groupe d'unités 1-4
2023-07-30 15:37:35,072 INFO o.a.j.t.JMeterThread: Thread finished: Groupe d'unités 1-4
2023-07-30 15:37:35,089 INFO o.a.j.t.JMeterThread: Thread is done: Groupe d'unités 1-3
2023-07-30 15:37:35,089 INFO o.a.j.t.JMeterThread: Thread finished: Groupe d'unités 1-3
2023-07-30 15:37:35,116 INFO o.a.j.t.JMeterThread: Thread is done: Groupe d'unités 1-17
2023-07-30 15:37:35,117 INFO o.a.j.t.JMeterThread: Thread finished: Groupe d'unités 1-17
2023-07-30 15:37:35,127 INFO o.a.j.t.JMeterThread: Thread is done: Groupe d'unités 1-27
2023-07-30 15:37:35,127 INFO o.a.j.t.JMeterThread: Thread finished: Groupe d'unités 1-27
2023-07-30 15:37:35,151 INFO o.a.j.t.JMeterThread: Thread is done: Groupe d'unités 1-14
2023-07-30 15:37:35,151 INFO o.a.j.t.JMeterThread: Thread finished: Groupe d'unités 1-14
2023-07-30 15:37:35,191 INFO o.a.j.t.JMeterThread: Thread is done: Groupe d'unités 1-11
2023-07-30 15:37:35,192 INFO o.a.j.t.JMeterThread: Thread finished: Groupe d'unités 1-11
2023-07-30 15:37:35,222 INFO o.a.j.t.JMeterThread: Thread is done: Groupe d'unités 1-9
2023-07-30 15:37:35,222 INFO o.a.j.t.JMeterThread: Thread finished: Groupe d'unités 1-9
2023-07-30 15:37:35,230 INFO o.a.j.t.JMeterThread: Thread is done: Groupe d'unités 1-10
2023-07-30 15:37:35,230 INFO o.a.j.t.JMeterThread: Thread finished: Groupe d'unités 1-10
2023-07-30 15:37:35,253 INFO o.a.j.t.JMeterThread: Thread is done: Groupe d'unités 1-6
2023-07-30 15:37:35,253 INFO o.a.j.t.JMeterThread: Thread finished: Groupe d'unités 1-6
2023-07-30 15:37:35,276 INFO o.a.j.t.JMeterThread: Thread is done: Groupe d'unités 1-21
2023-07-30 15:37:35,277 INFO o.a.j.t.JMeterThread: Thread finished: Groupe d'unités 1-21
2023-07-30 15:37:35,308 INFO o.a.j.t.JMeterThread: Thread is done: Groupe d'unités 1-22
2023-07-30 15:37:35,308 INFO o.a.j.t.JMeterThread: Thread finished: Groupe d'unités 1-22
2023-07-30 15:37:35,325 INFO o.a.j.t.JMeterThread: Thread is done: Groupe d'unités 1-16
2023-07-30 15:37:35,325 INFO o.a.j.t.JMeterThread: Thread finished: Groupe d'unités 1-16
2023-07-30 15:37:35,339 INFO o.a.j.t.JMeterThread: Thread is done: Groupe d'unités 1-23
2023-07-30 15:37:35,339 INFO o.a.j.t.JMeterThread: Thread is done: Groupe d'unités 1-7
2023-07-30 15:37:35,339 INFO o.a.j.t.JMeterThread: Thread finished: Groupe d'unités 1-23
2023-07-30 15:37:35,339 INFO o.a.j.t.JMeterThread: Thread finished: Groupe d'unités 1-7
2023-07-30 15:37:35,345 INFO o.a.j.t.JMeterThread: Thread is done: Groupe d'unités 1-12
2023-07-30 15:37:35,345 INFO o.a.j.t.JMeterThread: Thread finished: Groupe d'unités 1-12
2023-07-30 15:37:35,399 INFO o.a.j.t.JMeterThread: Thread is done: Groupe d'unités 1-33
2023-07-30 15:37:35,400 INFO o.a.j.t.JMeterThread: Thread finished: Groupe d'unités 1-33
2023-07-30 15:37:35,441 INFO o.a.j.t.JMeterThread: Thread is done: Groupe d'unités 1-42
2023-07-30 15:37:35,441 INFO o.a.j.t.JMeterThread: Thread finished: Groupe d'unités 1-42
2023-07-30 15:37:35,449 INFO o.a.j.t.JMeterThread: Thread is done: Groupe d'unités 1-41
2023-07-30 15:37:35,449 INFO o.a.j.t.JMeterThread: Thread finished: Groupe d'unités 1-41
2023-07-30 15:37:35,480 INFO o.a.j.t.JMeterThread: Thread is done: Groupe d'unités 1-32
2023-07-30 15:37:35,480 INFO o.a.j.t.JMeterThread: Thread finished: Groupe d'unités 1-32
2023-07-30 15:37:35,527 INFO o.a.j.t.JMeterThread: Thread is done: Groupe d'unités 1-29
2023-07-30 15:37:35,527 INFO o.a.j.t.JMeterThread: Thread finished: Groupe d'unités 1-29
2023-07-30 15:37:35,551 INFO o.a.j.t.JMeterThread: Thread is done: Groupe d'unités 1-36
2023-07-30 15:37:35,551 INFO o.a.j.t.JMeterThread: Thread finished: Groupe d'unités 1-36
2023-07-30 15:37:35,560 INFO o.a.j.t.JMeterThread: Thread is done: Groupe d'unités 1-35
2023-07-30 15:37:35,560 INFO o.a.j.t.JMeterThread: Thread finished: Groupe d'unités 1-35
2023-07-30 15:37:35,573 INFO o.a.j.t.JMeterThread: Thread is done: Groupe d'unités 1-45
2023-07-30 15:37:35,573 INFO o.a.j.t.JMeterThread: Thread finished: Groupe d'unités 1-45
2023-07-30 15:37:35,592 INFO o.a.j.t.JMeterThread: Thread is done: Groupe d'unités 1-40
2023-07-30 15:37:35,592 INFO o.a.j.t.JMeterThread: Thread finished: Groupe d'unités 1-40
2023-07-30 15:37:35,604 INFO o.a.j.t.JMeterThread: Thread is done: Groupe d'unités 1-30
2023-07-30 15:37:35,605 INFO o.a.j.t.JMeterThread: Thread finished: Groupe d'unités 1-30
2023-07-30 15:37:35,618 INFO o.a.j.t.JMeterThread: Thread is done: Groupe d'unités 1-26
2023-07-30 15:37:35,618 INFO o.a.j.t.JMeterThread: Thread finished: Groupe d'unités 1-26
2023-07-30 15:37:35,628 INFO o.a.j.t.JMeterThread: Thread is done: Groupe d'unités 1-37
2023-07-30 15:37:35,629 INFO o.a.j.t.JMeterThread: Thread finished: Groupe d'unités 1-37
2023-07-30 15:37:35,633 INFO o.a.j.t.JMeterThread: Thread is done: Groupe d'unités 1-24
2023-07-30 15:37:35,633 INFO o.a.j.t.JMeterThread: Thread finished: Groupe d'unités 1-24
2023-07-30 15:37:35,664 INFO o.a.j.t.JMeterThread: Thread is done: Groupe d'unités 1-5
2023-07-30 15:37:35,664 INFO o.a.j.t.JMeterThread: Thread finished: Groupe d'unités 1-5
2023-07-30 15:37:35,669 INFO o.a.j.t.JMeterThread: Thread is done: Groupe d'unités 1-31
2023-07-30 15:37:35,669 INFO o.a.j.t.JMeterThread: Thread finished: Groupe d'unités 1-31
2023-07-30 15:37:35,684 INFO o.a.j.t.JMeterThread: Thread is done: Groupe d'unités 1-46
2023-07-30 15:37:35,685 INFO o.a.j.t.JMeterThread: Thread finished: Groupe d'unités 1-46
2023-07-30 15:37:35,705 INFO o.a.j.t.JMeterThread: Thread is done: Groupe d'unités 1-47
2023-07-30 15:37:35,705 INFO o.a.j.t.JMeterThread: Thread finished: Groupe d'unités 1-47
2023-07-30 15:37:35,724 INFO o.a.j.t.JMeterThread: Thread is done: Groupe d'unités 1-39
2023-07-30 15:37:35,724 INFO o.a.j.t.JMeterThread: Thread finished: Groupe d'unités 1-39
2023-07-30 15:37:35,809 INFO o.a.j.t.JMeterThread: Thread is done: Groupe d'unités 1-28
2023-07-30 15:37:35,809 INFO o.a.j.t.JMeterThread: Thread is done: Groupe d'unités 1-50
2023-07-30 15:37:35,809 INFO o.a.j.t.JMeterThread: Thread finished: Groupe d'unités 1-28
2023-07-30 15:37:35,809 INFO o.a.j.t.JMeterThread: Thread finished: Groupe d'unités 1-50
2023-07-30 15:37:35,833 INFO o.a.j.t.JMeterThread: Thread is done: Groupe d'unités 1-49
2023-07-30 15:37:35,833 INFO o.a.j.t.JMeterThread: Thread finished: Groupe d'unités 1-49
2023-07-30 15:37:35,934 INFO o.a.j.t.JMeterThread: Thread is done: Groupe d'unités 1-34
2023-07-30 15:37:35,934 INFO o.a.j.t.JMeterThread: Thread finished: Groupe d'unités 1-34
2023-07-30 15:37:35,934 INFO o.a.j.t.JMeterThread: Thread is done: Groupe d'unités 1-38
2023-07-30 15:37:35,934 INFO o.a.j.t.JMeterThread: Thread finished: Groupe d'unités 1-38
2023-07-30 15:37:35,953 INFO o.a.j.t.JMeterThread: Thread is done: Groupe d'unités 1-48
2023-07-30 15:37:35,953 INFO o.a.j.t.JMeterThread: Thread finished: Groupe d'unités 1-48
2023-07-30 15:37:35,979 INFO o.a.j.t.JMeterThread: Thread is done: Groupe d'unités 1-43
2023-07-30 15:37:35,979 INFO o.a.j.t.JMeterThread: Thread finished: Groupe d'unités 1-43
2023-07-30 15:37:36,069 INFO o.a.j.t.JMeterThread: Thread is done: Groupe d'unités 1-20
2023-07-30 15:37:36,069 INFO o.a.j.t.JMeterThread: Thread finished: Groupe d'unités 1-20
2023-07-30 15:37:36,376 INFO o.a.j.t.JMeterThread: Thread is done: Groupe d'unités 1-44
2023-07-30 15:37:36,376 INFO o.a.j.t.JMeterThread: Thread finished: Groupe d'unités 1-44
2023-07-30 15:37:36,377 INFO o.a.j.e.StandardJMeterEngine: Notifying test listeners of end of test
2023-07-30 15:37:36,378 INFO o.a.j.g.u.JMeterMenuBar: setRunning(false, *local*)
